#
# There is insufficient memory for the Java Runtime Environment to continue.
# Native memory allocation (malloc) failed to allocate 1557520 bytes. Error detail: Chunk::new
# Possible reasons:
#   The system is out of physical RAM or swap space
#   This process is running with CompressedOops enabled, and the Java Heap may be blocking the growth of the native heap
# Possible solutions:
#   Reduce memory load on the system
#   Increase physical memory or swap space
#   Check if swap backing store is full
#   Decrease Java heap size (-Xmx/-Xms)
#   Decrease number of Java threads
#   Decrease Java thread stack sizes (-Xss)
#   Set larger code cache with -XX:ReservedCodeCacheSize=
#   JVM is running with Unscaled Compressed Oops mode in which the Java heap is
#     placed in the first 4GB address space. The Java Heap base address is the
#     maximum limit for the native heap growth. Please use -XX:HeapBaseMinAddress
#     to set the Java Heap base and to place the Java Heap above 4GB virtual address.
# This output file may be truncated or incomplete.
#
#  Out of Memory Error (arena.cpp:162), pid=4736, tid=23240
#
# JRE version: Java(TM) SE Runtime Environment (24.0.1+9) (build 24.0.1+9-30)
# Java VM: Java HotSpot(TM) 64-Bit Server VM (24.0.1+9-30, mixed mode, sharing, tiered, compressed oops, compressed class ptrs, g1 gc, windows-amd64)
# No core dump will be written. Minidumps are not enabled by default on client versions of Windows
#

---------------  S U M M A R Y ------------

Command Line: target/SchoolPEPProject-0.0.1-SNAPSHOT.jar

Host: 11th Gen Intel(R) Core(TM) i3-1115G4 @ 3.00GHz, 4 cores, 7G,  Windows 11 , 64 bit Build 26100 (10.0.26100.7920)
Time: Mon Mar 23 21:25:00 2026 India Standard Time elapsed time: 7851.866671 seconds (0d 2h 10m 51s)

---------------  T H R E A D  ---------------

Current thread (0x000002c3ffde9620):  JavaThread "C2 CompilerThread0" daemon [_thread_in_native, id=23240, stack(0x000000e0e8200000,0x000000e0e8300000) (1024K)]


Current CompileTask:
C2:7851868 11804       4       java.util.concurrent.locks.AbstractQueuedSynchronizer$ConditionObject::awaitNanos (202 bytes)

Stack: [0x000000e0e8200000,0x000000e0e8300000]
Native frames: (J=compiled Java code, j=interpreted, Vv=VM code, C=native code)
V  [jvm.dll+0x730739]  (no source info available)
V  [jvm.dll+0x8d9b23]  (no source info available)
V  [jvm.dll+0x8dc00d]  (no source info available)
V  [jvm.dll+0x8dc683]  (no source info available)
V  [jvm.dll+0x2aa086]  (no source info available)
V  [jvm.dll+0xcedef]  (no source info available)
V  [jvm.dll+0xcf04f]  (no source info available)
V  [jvm.dll+0x154d83]  (no source info available)
V  [jvm.dll+0x735f5f]  (no source info available)
V  [jvm.dll+0x26fa1c]  (no source info available)
V  [jvm.dll+0x26ea3f]  (no source info available)
V  [jvm.dll+0x1e9d60]  (no source info available)
V  [jvm.dll+0x27e1fb]  (no source info available)
V  [jvm.dll+0x27c49a]  (no source info available)
V  [jvm.dll+0x42f456]  (no source info available)
V  [jvm.dll+0x87d76b]  (no source info available)
V  [jvm.dll+0x72ee55]  (no source info available)
C  [ucrtbase.dll+0x37b0]  (no source info available)
C  [KERNEL32.DLL+0x2e8d7]  (no source info available)
C  [ntdll.dll+0x8c48c]  (no source info available)

Lock stack of current Java thread (top to bottom):


---------------  P R O C E S S  ---------------

Threads class SMR info:
_java_thread_list=0x000002c3d8754990, length=29, elements={
0x000002c3ffdd3a50, 0x000002c3ffdd4580, 0x000002c3ffdda720, 0x000002c3ffddb250,
0x000002c3ffddd900, 0x000002c3ffdde430, 0x000002c3ffde9620, 0x000002c3ffe1b200,
0x000002c3ffe3d540, 0x000002c3d405d010, 0x000002c3d425b870, 0x000002c3d5f72b70,
0x000002c3d5f732c0, 0x000002c3d5f73a10, 0x000002c3d8c9fdb0, 0x000002c3d8ca13a0,
0x000002c3d8ca1af0, 0x000002c3d8ca2240, 0x000002c3d8c9ef10, 0x000002c3d8ca0c50,
0x000002c3d8ca46d0, 0x000002c3d8ca4e20, 0x000002c3d8ca3830, 0x000002c3d8ca3f80,
0x000002c3d8ca5570, 0x000002c3d8ca2990, 0x000002c3d8ca30e0, 0x000002c3d5f74160,
0x000002c3d5954240
}

Java Threads: ( => current thread )
  0x000002c3ffdd3a50 JavaThread "Reference Handler"          daemon [_thread_blocked, id=18484, stack(0x000000e0e7c00000,0x000000e0e7d00000) (1024K)]
  0x000002c3ffdd4580 JavaThread "Finalizer"                  daemon [_thread_blocked, id=21512, stack(0x000000e0e7d00000,0x000000e0e7e00000) (1024K)]
  0x000002c3ffdda720 JavaThread "Signal Dispatcher"          daemon [_thread_blocked, id=19248, stack(0x000000e0e7e00000,0x000000e0e7f00000) (1024K)]
  0x000002c3ffddb250 JavaThread "Attach Listener"            daemon [_thread_blocked, id=17012, stack(0x000000e0e7f00000,0x000000e0e8000000) (1024K)]
  0x000002c3ffddd900 JavaThread "Service Thread"             daemon [_thread_blocked, id=22060, stack(0x000000e0e8000000,0x000000e0e8100000) (1024K)]
  0x000002c3ffdde430 JavaThread "Monitor Deflation Thread"   daemon [_thread_blocked, id=12756, stack(0x000000e0e8100000,0x000000e0e8200000) (1024K)]
=>0x000002c3ffde9620 JavaThread "C2 CompilerThread0"         daemon [_thread_in_native, id=23240, stack(0x000000e0e8200000,0x000000e0e8300000) (1024K)]
  0x000002c3ffe1b200 JavaThread "C1 CompilerThread0"         daemon [_thread_blocked, id=4928, stack(0x000000e0e8300000,0x000000e0e8400000) (1024K)]
  0x000002c3ffe3d540 JavaThread "Notification Thread"        daemon [_thread_blocked, id=4368, stack(0x000000e0e8400000,0x000000e0e8500000) (1024K)]
  0x000002c3d405d010 JavaThread "Common-Cleaner"             daemon [_thread_blocked, id=16524, stack(0x000000e0e8500000,0x000000e0e8600000) (1024K)]
  0x000002c3d425b870 JavaThread "Cleaner-0"                  daemon [_thread_blocked, id=3908, stack(0x000000e0e8700000,0x000000e0e8800000) (1024K)]
  0x000002c3d5f72b70 JavaThread "mysql-cj-abandoned-connection-cleanup" daemon [_thread_blocked, id=18400, stack(0x000000e0e8a00000,0x000000e0e8b00000) (1024K)]
  0x000002c3d5f732c0 JavaThread "HikariPool-1:housekeeper"   daemon [_thread_blocked, id=17544, stack(0x000000e0e8d00000,0x000000e0e8e00000) (1024K)]
  0x000002c3d5f73a10 JavaThread "Catalina-utility-1"                [_thread_blocked, id=24396, stack(0x000000e0e8f00000,0x000000e0e9000000) (1024K)]
  0x000002c3d8c9fdb0 JavaThread "Catalina-utility-2"                [_thread_blocked, id=4328, stack(0x000000e0e9000000,0x000000e0e9100000) (1024K)]
  0x000002c3d8ca13a0 JavaThread "container-0"                       [_thread_blocked, id=11420, stack(0x000000e0e9100000,0x000000e0e9200000) (1024K)]
  0x000002c3d8ca1af0 JavaThread "http-nio-8080-exec-1"       daemon [_thread_blocked, id=24264, stack(0x000000e0e8e00000,0x000000e0e8f00000) (1024K)]
  0x000002c3d8ca2240 JavaThread "http-nio-8080-exec-2"       daemon [_thread_blocked, id=20728, stack(0x000000e0e9200000,0x000000e0e9300000) (1024K)]
  0x000002c3d8c9ef10 JavaThread "http-nio-8080-exec-3"       daemon [_thread_blocked, id=19468, stack(0x000000e0e9300000,0x000000e0e9400000) (1024K)]
  0x000002c3d8ca0c50 JavaThread "http-nio-8080-exec-4"       daemon [_thread_blocked, id=9036, stack(0x000000e0e9400000,0x000000e0e9500000) (1024K)]
  0x000002c3d8ca46d0 JavaThread "http-nio-8080-exec-5"       daemon [_thread_blocked, id=15344, stack(0x000000e0e9500000,0x000000e0e9600000) (1024K)]
  0x000002c3d8ca4e20 JavaThread "http-nio-8080-exec-6"       daemon [_thread_blocked, id=22468, stack(0x000000e0e9600000,0x000000e0e9700000) (1024K)]
  0x000002c3d8ca3830 JavaThread "http-nio-8080-exec-7"       daemon [_thread_blocked, id=10396, stack(0x000000e0e9700000,0x000000e0e9800000) (1024K)]
  0x000002c3d8ca3f80 JavaThread "http-nio-8080-exec-8"       daemon [_thread_blocked, id=24308, stack(0x000000e0e9800000,0x000000e0e9900000) (1024K)]
  0x000002c3d8ca5570 JavaThread "http-nio-8080-exec-9"       daemon [_thread_blocked, id=24812, stack(0x000000e0e9900000,0x000000e0e9a00000) (1024K)]
  0x000002c3d8ca2990 JavaThread "http-nio-8080-exec-10"      daemon [_thread_blocked, id=14116, stack(0x000000e0e9a00000,0x000000e0e9b00000) (1024K)]
  0x000002c3d8ca30e0 JavaThread "http-nio-8080-Poller"       daemon [_thread_in_native, id=23084, stack(0x000000e0e9b00000,0x000000e0e9c00000) (1024K)]
  0x000002c3d5f74160 JavaThread "http-nio-8080-Acceptor"     daemon [_thread_in_native, id=21892, stack(0x000000e0e9c00000,0x000000e0e9d00000) (1024K)]
  0x000002c3d5954240 JavaThread "DestroyJavaVM"                     [_thread_blocked, id=21684, stack(0x000000e0e7400000,0x000000e0e7500000) (1024K)]
Total: 29

Other Threads:
  0x000002c3ffdc53e0 VMThread "VM Thread"                           [id=24940, stack(0x000000e0e7b00000,0x000000e0e7c00000) (1024K)]
  0x000002c3ffdb29a0 WatcherThread "VM Periodic Task Thread"        [id=7272, stack(0x000000e0e7a00000,0x000000e0e7b00000) (1024K)]
  0x000002c3f2a303c0 WorkerThread "GC Thread#0"                     [id=19228, stack(0x000000e0e7500000,0x000000e0e7600000) (1024K)]
  0x000002c3d4d54a70 WorkerThread "GC Thread#1"                     [id=15484, stack(0x000000e0e8800000,0x000000e0e8900000) (1024K)]
  0x000002c3d4d54e20 WorkerThread "GC Thread#2"                     [id=14444, stack(0x000000e0e8900000,0x000000e0e8a00000) (1024K)]
  0x000002c3d504e2a0 WorkerThread "GC Thread#3"                     [id=22956, stack(0x000000e0e8b00000,0x000000e0e8c00000) (1024K)]
  0x000002c3f2a47de0 ConcurrentGCThread "G1 Main Marker"            [id=19796, stack(0x000000e0e7600000,0x000000e0e7700000) (1024K)]
  0x000002c3f2a48800 WorkerThread "G1 Conc#0"                       [id=1096, stack(0x000000e0e7700000,0x000000e0e7800000) (1024K)]
  0x000002c3ffc78500 ConcurrentGCThread "G1 Refine#0"               [id=9892, stack(0x000000e0e7800000,0x000000e0e7900000) (1024K)]
  0x000002c3ffc7ad40 ConcurrentGCThread "G1 Service"                [id=11828, stack(0x000000e0e7900000,0x000000e0e7a00000) (1024K)]
Total: 10

Threads with active compile tasks:
C2 CompilerThread0  7852098 11804       4       java.util.concurrent.locks.AbstractQueuedSynchronizer$ConditionObject::awaitNanos (202 bytes)
Total: 1

VM state: not at safepoint (normal execution)

VM Mutex/Monitor currently owned by a thread: None

Heap address: 0x0000000084c00000, size: 1972 MB, Compressed Oops mode: 32-bit

CDS archive(s) mapped at: [0x000002c38f000000-0x000002c38fd40000-0x000002c38fd40000), size 13893632, SharedBaseAddress: 0x000002c38f000000, ArchiveRelocationMode: 1.
Compressed class space mapped at: 0x000002c390000000-0x000002c3d0000000, reserved size: 1073741824
UseCompressedClassPointers 1, UseCompactObjectHeaders 0
Narrow klass pointer bits 32, Max shift 3
Narrow klass base: 0x000002c38f000000, Narrow klass shift: 0
Encoding Range: [0x000002c38f000000 - 0x000002c48f000000), (4294967296 bytes)
Klass Range:    [0x000002c38f000000 - 0x000002c3d0000000), (1090519040 bytes)
Klass ID Range:  [8 - 1090519033) (1090519025)

GC Precious Log:
 CardTable entry size: 512
 Card Set container configuration: InlinePtr #cards 5 size 8 Array Of Cards #cards 10 size 36 Howl #buckets 4 coarsen threshold 1843 Howl Bitmap #cards 512 size 80 coarsen threshold 460 Card regions per heap region 1 cards per card region 2048
 CPUs: 4 total, 4 available
 Memory: 7886M
 Large Page Support: Disabled
 NUMA Support: Disabled
 Compressed Oops: Enabled (32-bit)
 Heap Region Size: 1M
 Heap Min Capacity: 8M
 Heap Initial Capacity: 124M
 Heap Max Capacity: 1972M
 Pre-touch: Disabled
 Parallel Workers: 4
 Concurrent Workers: 1
 Concurrent Refinement Workers: 4
 Periodic GC: Disabled

Heap:
 garbage-first heap   total reserved 2019328K, committed 236544K, used 134519K [0x0000000084c00000, 0x0000000100000000)
  region size 1024K, 89 young (91136K), 9 survivors (9216K)
 Metaspace       used 85350K, committed 86080K, reserved 1179648K
  class space    used 9447K, committed 9728K, reserved 1048576K

Heap Regions: E=young(eden), S=young(survivor), O=old, HS=humongous(starts), HC=humongous(continues), CS=collection set, F=free, TAMS=top-at-mark-start, PB=parsable bottom
|   0|0x0000000084c00000, 0x0000000084d00000, 0x0000000084d00000|100%| O|  |TAMS 0x0000000084c00000| PB 0x0000000084c00000| Untracked |  0
|   1|0x0000000084d00000, 0x0000000084e00000, 0x0000000084e00000|100%| O|  |TAMS 0x0000000084d00000| PB 0x0000000084d00000| Untracked |  0
|   2|0x0000000084e00000, 0x0000000084f00000, 0x0000000084f00000|100%| O|  |TAMS 0x0000000084e00000| PB 0x0000000084e00000| Untracked |  0
|   3|0x0000000084f00000, 0x0000000085000000, 0x0000000085000000|100%| O|  |TAMS 0x0000000084f00000| PB 0x0000000084f00000| Untracked |  0
|   4|0x0000000085000000, 0x0000000085100000, 0x0000000085100000|100%| O|  |TAMS 0x0000000085000000| PB 0x0000000085000000| Untracked |  0
|   5|0x0000000085100000, 0x0000000085200000, 0x0000000085200000|100%| O|  |TAMS 0x0000000085100000| PB 0x0000000085100000| Untracked |  0
|   6|0x0000000085200000, 0x0000000085300000, 0x0000000085300000|100%| O|  |TAMS 0x0000000085200000| PB 0x0000000085200000| Untracked |  0
|   7|0x0000000085300000, 0x0000000085400000, 0x0000000085400000|100%| O|  |TAMS 0x0000000085300000| PB 0x0000000085300000| Untracked |  0
|   8|0x0000000085400000, 0x0000000085500000, 0x0000000085500000|100%| O|  |TAMS 0x0000000085400000| PB 0x0000000085400000| Untracked |  0
|   9|0x0000000085500000, 0x0000000085600000, 0x0000000085600000|100%| O|  |TAMS 0x0000000085500000| PB 0x0000000085500000| Untracked |  0
|  10|0x0000000085600000, 0x000000008565dec0, 0x0000000085700000| 36%| O|  |TAMS 0x0000000085600000| PB 0x0000000085600000| Untracked |  0
|  11|0x0000000085700000, 0x0000000085800000, 0x0000000085800000|100%| O|  |TAMS 0x0000000085700000| PB 0x0000000085700000| Untracked |  0
|  12|0x0000000085800000, 0x0000000085900000, 0x0000000085900000|100%| O|  |TAMS 0x0000000085800000| PB 0x0000000085800000| Untracked |  0
|  13|0x0000000085900000, 0x0000000085a00000, 0x0000000085a00000|100%| O|  |TAMS 0x0000000085900000| PB 0x0000000085900000| Untracked |  0
|  14|0x0000000085a00000, 0x0000000085b00000, 0x0000000085b00000|100%| O|  |TAMS 0x0000000085a00000| PB 0x0000000085a00000| Untracked |  0
|  15|0x0000000085b00000, 0x0000000085c00000, 0x0000000085c00000|100%| O|  |TAMS 0x0000000085b00000| PB 0x0000000085b00000| Untracked |  0
|  16|0x0000000085c00000, 0x0000000085d00000, 0x0000000085d00000|100%| O|  |TAMS 0x0000000085c00000| PB 0x0000000085c00000| Untracked |  0
|  17|0x0000000085d00000, 0x0000000085e00000, 0x0000000085e00000|100%| O|  |TAMS 0x0000000085d00000| PB 0x0000000085d00000| Untracked |  0
|  18|0x0000000085e00000, 0x0000000085f00000, 0x0000000085f00000|100%| O|  |TAMS 0x0000000085e00000| PB 0x0000000085e00000| Untracked |  0
|  19|0x0000000085f00000, 0x0000000086000000, 0x0000000086000000|100%| O|  |TAMS 0x0000000085f00000| PB 0x0000000085f00000| Untracked |  0
|  20|0x0000000086000000, 0x0000000086100000, 0x0000000086100000|100%| O|  |TAMS 0x0000000086000000| PB 0x0000000086000000| Untracked |  0
|  21|0x0000000086100000, 0x0000000086200000, 0x0000000086200000|100%| O|  |TAMS 0x0000000086100000| PB 0x0000000086100000| Untracked |  0
|  22|0x0000000086200000, 0x0000000086300000, 0x0000000086300000|100%| O|  |TAMS 0x0000000086200000| PB 0x0000000086200000| Untracked |  0
|  23|0x0000000086300000, 0x0000000086400000, 0x0000000086400000|100%| O|  |TAMS 0x0000000086300000| PB 0x0000000086300000| Untracked |  0
|  24|0x0000000086400000, 0x0000000086500000, 0x0000000086500000|100%| O|  |TAMS 0x0000000086400000| PB 0x0000000086400000| Untracked |  0
|  25|0x0000000086500000, 0x0000000086600000, 0x0000000086600000|100%| O|  |TAMS 0x0000000086500000| PB 0x0000000086500000| Untracked |  0
|  26|0x0000000086600000, 0x0000000086700000, 0x0000000086700000|100%| O|  |TAMS 0x0000000086600000| PB 0x0000000086600000| Untracked |  0
|  27|0x0000000086700000, 0x0000000086800000, 0x0000000086800000|100%| O|  |TAMS 0x0000000086700000| PB 0x0000000086700000| Untracked |  0
|  28|0x0000000086800000, 0x0000000086900000, 0x0000000086900000|100%| O|  |TAMS 0x0000000086800000| PB 0x0000000086800000| Untracked |  0
|  29|0x0000000086900000, 0x0000000086a00000, 0x0000000086a00000|100%| O|  |TAMS 0x0000000086900000| PB 0x0000000086900000| Untracked |  0
|  30|0x0000000086a00000, 0x0000000086b00000, 0x0000000086b00000|100%| O|  |TAMS 0x0000000086a00000| PB 0x0000000086a00000| Untracked |  0
|  31|0x0000000086b00000, 0x0000000086c00000, 0x0000000086c00000|100%| O|  |TAMS 0x0000000086b00000| PB 0x0000000086b00000| Untracked |  0
|  32|0x0000000086c00000, 0x0000000086d00000, 0x0000000086d00000|100%| O|  |TAMS 0x0000000086c00000| PB 0x0000000086c00000| Untracked |  0
|  33|0x0000000086d00000, 0x0000000086e00000, 0x0000000086e00000|100%| O|  |TAMS 0x0000000086d00000| PB 0x0000000086d00000| Untracked |  0
|  34|0x0000000086e00000, 0x0000000086f00000, 0x0000000086f00000|100%| O|  |TAMS 0x0000000086e00000| PB 0x0000000086e00000| Untracked |  0
|  35|0x0000000086f00000, 0x0000000087000000, 0x0000000087000000|100%| O|  |TAMS 0x0000000086f00000| PB 0x0000000086f00000| Untracked |  0
|  36|0x0000000087000000, 0x0000000087100000, 0x0000000087100000|100%| O|  |TAMS 0x0000000087000000| PB 0x0000000087000000| Untracked |  0
|  37|0x0000000087100000, 0x0000000087100000, 0x0000000087200000|  0%| F|  |TAMS 0x0000000087100000| PB 0x0000000087100000| Untracked |  0
|  38|0x0000000087200000, 0x0000000087200000, 0x0000000087300000|  0%| F|  |TAMS 0x0000000087200000| PB 0x0000000087200000| Untracked |  0
|  39|0x0000000087300000, 0x0000000087400000, 0x0000000087400000|100%| O|  |TAMS 0x0000000087300000| PB 0x0000000087300000| Untracked |  0
|  40|0x0000000087400000, 0x0000000087500000, 0x0000000087500000|100%| O|  |TAMS 0x0000000087400000| PB 0x0000000087400000| Untracked |  0
|  41|0x0000000087500000, 0x0000000087600000, 0x0000000087600000|100%| O|  |TAMS 0x0000000087500000| PB 0x0000000087500000| Untracked |  0
|  42|0x0000000087600000, 0x0000000087700000, 0x0000000087700000|100%| O|  |TAMS 0x0000000087600000| PB 0x0000000087600000| Untracked |  0
|  43|0x0000000087700000, 0x0000000087700000, 0x0000000087800000|  0%| F|  |TAMS 0x0000000087700000| PB 0x0000000087700000| Untracked |  0
|  44|0x0000000087800000, 0x0000000087800000, 0x0000000087900000|  0%| F|  |TAMS 0x0000000087800000| PB 0x0000000087800000| Untracked |  0
|  45|0x0000000087900000, 0x0000000087900000, 0x0000000087a00000|  0%| F|  |TAMS 0x0000000087900000| PB 0x0000000087900000| Untracked |  0
|  46|0x0000000087a00000, 0x0000000087a00000, 0x0000000087b00000|  0%| F|  |TAMS 0x0000000087a00000| PB 0x0000000087a00000| Untracked |  0
|  47|0x0000000087b00000, 0x0000000087b00000, 0x0000000087c00000|  0%| F|  |TAMS 0x0000000087b00000| PB 0x0000000087b00000| Untracked |  0
|  48|0x0000000087c00000, 0x0000000087c00000, 0x0000000087d00000|  0%| F|  |TAMS 0x0000000087c00000| PB 0x0000000087c00000| Untracked |  0
|  49|0x0000000087d00000, 0x0000000087e00000, 0x0000000087e00000|100%| O|  |TAMS 0x0000000087d00000| PB 0x0000000087d00000| Untracked |  0
|  50|0x0000000087e00000, 0x0000000087e00000, 0x0000000087f00000|  0%| F|  |TAMS 0x0000000087e00000| PB 0x0000000087e00000| Untracked |  0
|  51|0x0000000087f00000, 0x0000000087f00000, 0x0000000088000000|  0%| F|  |TAMS 0x0000000087f00000| PB 0x0000000087f00000| Untracked |  0
|  52|0x0000000088000000, 0x0000000088000000, 0x0000000088100000|  0%| F|  |TAMS 0x0000000088000000| PB 0x0000000088000000| Untracked |  0
|  53|0x0000000088100000, 0x0000000088100000, 0x0000000088200000|  0%| F|  |TAMS 0x0000000088100000| PB 0x0000000088100000| Untracked |  0
|  54|0x0000000088200000, 0x0000000088200000, 0x0000000088300000|  0%| F|  |TAMS 0x0000000088200000| PB 0x0000000088200000| Untracked |  0
|  55|0x0000000088300000, 0x0000000088300000, 0x0000000088400000|  0%| F|  |TAMS 0x0000000088300000| PB 0x0000000088300000| Untracked |  0
|  56|0x0000000088400000, 0x0000000088400000, 0x0000000088500000|  0%| F|  |TAMS 0x0000000088400000| PB 0x0000000088400000| Untracked |  0
|  57|0x0000000088500000, 0x0000000088500000, 0x0000000088600000|  0%| F|  |TAMS 0x0000000088500000| PB 0x0000000088500000| Untracked |  0
|  58|0x0000000088600000, 0x0000000088600000, 0x0000000088700000|  0%| F|  |TAMS 0x0000000088600000| PB 0x0000000088600000| Untracked |  0
|  59|0x0000000088700000, 0x0000000088700000, 0x0000000088800000|  0%| F|  |TAMS 0x0000000088700000| PB 0x0000000088700000| Untracked |  0
|  60|0x0000000088800000, 0x0000000088800000, 0x0000000088900000|  0%| F|  |TAMS 0x0000000088800000| PB 0x0000000088800000| Untracked |  0
|  61|0x0000000088900000, 0x0000000088900000, 0x0000000088a00000|  0%| F|  |TAMS 0x0000000088900000| PB 0x0000000088900000| Untracked |  0
|  62|0x0000000088a00000, 0x0000000088a00000, 0x0000000088b00000|  0%| F|  |TAMS 0x0000000088a00000| PB 0x0000000088a00000| Untracked |  0
|  63|0x0000000088b00000, 0x0000000088b00000, 0x0000000088c00000|  0%| F|  |TAMS 0x0000000088b00000| PB 0x0000000088b00000| Untracked |  0
|  64|0x0000000088c00000, 0x0000000088c00000, 0x0000000088d00000|  0%| F|  |TAMS 0x0000000088c00000| PB 0x0000000088c00000| Untracked |  0
|  65|0x0000000088d00000, 0x0000000088d00000, 0x0000000088e00000|  0%| F|  |TAMS 0x0000000088d00000| PB 0x0000000088d00000| Untracked |  0
|  66|0x0000000088e00000, 0x0000000088e00000, 0x0000000088f00000|  0%| F|  |TAMS 0x0000000088e00000| PB 0x0000000088e00000| Untracked |  0
|  67|0x0000000088f00000, 0x0000000088f00000, 0x0000000089000000|  0%| F|  |TAMS 0x0000000088f00000| PB 0x0000000088f00000| Untracked |  0
|  68|0x0000000089000000, 0x0000000089000000, 0x0000000089100000|  0%| F|  |TAMS 0x0000000089000000| PB 0x0000000089000000| Untracked |  0
|  69|0x0000000089100000, 0x0000000089100000, 0x0000000089200000|  0%| F|  |TAMS 0x0000000089100000| PB 0x0000000089100000| Untracked |  0
|  70|0x0000000089200000, 0x0000000089200000, 0x0000000089300000|  0%| F|  |TAMS 0x0000000089200000| PB 0x0000000089200000| Untracked |  0
|  71|0x0000000089300000, 0x0000000089300000, 0x0000000089400000|  0%| F|  |TAMS 0x0000000089300000| PB 0x0000000089300000| Untracked |  0
|  72|0x0000000089400000, 0x0000000089400000, 0x0000000089500000|  0%| F|  |TAMS 0x0000000089400000| PB 0x0000000089400000| Untracked |  0
|  73|0x0000000089500000, 0x0000000089500000, 0x0000000089600000|  0%| F|  |TAMS 0x0000000089500000| PB 0x0000000089500000| Untracked |  0
|  74|0x0000000089600000, 0x0000000089600000, 0x0000000089700000|  0%| F|  |TAMS 0x0000000089600000| PB 0x0000000089600000| Untracked |  0
|  75|0x0000000089700000, 0x0000000089700000, 0x0000000089800000|  0%| F|  |TAMS 0x0000000089700000| PB 0x0000000089700000| Untracked |  0
|  76|0x0000000089800000, 0x0000000089800000, 0x0000000089900000|  0%| F|  |TAMS 0x0000000089800000| PB 0x0000000089800000| Untracked |  0
|  77|0x0000000089900000, 0x0000000089900000, 0x0000000089a00000|  0%| F|  |TAMS 0x0000000089900000| PB 0x0000000089900000| Untracked |  0
|  78|0x0000000089a00000, 0x0000000089a00000, 0x0000000089b00000|  0%| F|  |TAMS 0x0000000089a00000| PB 0x0000000089a00000| Untracked |  0
|  79|0x0000000089b00000, 0x0000000089b00000, 0x0000000089c00000|  0%| F|  |TAMS 0x0000000089b00000| PB 0x0000000089b00000| Untracked |  0
|  80|0x0000000089c00000, 0x0000000089c00000, 0x0000000089d00000|  0%| F|  |TAMS 0x0000000089c00000| PB 0x0000000089c00000| Untracked |  0
|  81|0x0000000089d00000, 0x0000000089d00000, 0x0000000089e00000|  0%| F|  |TAMS 0x0000000089d00000| PB 0x0000000089d00000| Untracked |  0
|  82|0x0000000089e00000, 0x0000000089f00000, 0x0000000089f00000|100%| S|CS|TAMS 0x0000000089e00000| PB 0x0000000089e00000| Complete |  0
|  83|0x0000000089f00000, 0x000000008a000000, 0x000000008a000000|100%| S|CS|TAMS 0x0000000089f00000| PB 0x0000000089f00000| Complete |  0
|  84|0x000000008a000000, 0x000000008a100000, 0x000000008a100000|100%| S|CS|TAMS 0x000000008a000000| PB 0x000000008a000000| Complete |  0
|  85|0x000000008a100000, 0x000000008a200000, 0x000000008a200000|100%| S|CS|TAMS 0x000000008a100000| PB 0x000000008a100000| Complete |  0
|  86|0x000000008a200000, 0x000000008a300000, 0x000000008a300000|100%| S|CS|TAMS 0x000000008a200000| PB 0x000000008a200000| Complete |  0
|  87|0x000000008a300000, 0x000000008a400000, 0x000000008a400000|100%| S|CS|TAMS 0x000000008a300000| PB 0x000000008a300000| Complete |  0
|  88|0x000000008a400000, 0x000000008a500000, 0x000000008a500000|100%| S|CS|TAMS 0x000000008a400000| PB 0x000000008a400000| Complete |  0
|  89|0x000000008a500000, 0x000000008a600000, 0x000000008a600000|100%| S|CS|TAMS 0x000000008a500000| PB 0x000000008a500000| Complete |  0
|  90|0x000000008a600000, 0x000000008a700000, 0x000000008a700000|100%| S|CS|TAMS 0x000000008a600000| PB 0x000000008a600000| Complete |  0
|  91|0x000000008a700000, 0x000000008a700000, 0x000000008a800000|  0%| F|  |TAMS 0x000000008a700000| PB 0x000000008a700000| Untracked |  0
|  92|0x000000008a800000, 0x000000008a800000, 0x000000008a900000|  0%| F|  |TAMS 0x000000008a800000| PB 0x000000008a800000| Untracked |  0
|  93|0x000000008a900000, 0x000000008a900000, 0x000000008aa00000|  0%| F|  |TAMS 0x000000008a900000| PB 0x000000008a900000| Untracked |  0
|  94|0x000000008aa00000, 0x000000008aa00000, 0x000000008ab00000|  0%| F|  |TAMS 0x000000008aa00000| PB 0x000000008aa00000| Untracked |  0
|  95|0x000000008ab00000, 0x000000008ab00000, 0x000000008ac00000|  0%| F|  |TAMS 0x000000008ab00000| PB 0x000000008ab00000| Untracked |  0
|  96|0x000000008ac00000, 0x000000008ac00000, 0x000000008ad00000|  0%| F|  |TAMS 0x000000008ac00000| PB 0x000000008ac00000| Untracked |  0
|  97|0x000000008ad00000, 0x000000008ad00000, 0x000000008ae00000|  0%| F|  |TAMS 0x000000008ad00000| PB 0x000000008ad00000| Untracked |  0
|  98|0x000000008ae00000, 0x000000008ae00000, 0x000000008af00000|  0%| F|  |TAMS 0x000000008ae00000| PB 0x000000008ae00000| Untracked |  0
|  99|0x000000008af00000, 0x000000008af00000, 0x000000008b000000|  0%| F|  |TAMS 0x000000008af00000| PB 0x000000008af00000| Untracked |  0
| 100|0x000000008b000000, 0x000000008b000000, 0x000000008b100000|  0%| F|  |TAMS 0x000000008b000000| PB 0x000000008b000000| Untracked |  0
| 101|0x000000008b100000, 0x000000008b100000, 0x000000008b200000|  0%| F|  |TAMS 0x000000008b100000| PB 0x000000008b100000| Untracked |  0
| 102|0x000000008b200000, 0x000000008b200000, 0x000000008b300000|  0%| F|  |TAMS 0x000000008b200000| PB 0x000000008b200000| Untracked |  0
| 103|0x000000008b300000, 0x000000008b300000, 0x000000008b400000|  0%| F|  |TAMS 0x000000008b300000| PB 0x000000008b300000| Untracked |  0
| 104|0x000000008b400000, 0x000000008b400000, 0x000000008b500000|  0%| F|  |TAMS 0x000000008b400000| PB 0x000000008b400000| Untracked |  0
| 105|0x000000008b500000, 0x000000008b500000, 0x000000008b600000|  0%| F|  |TAMS 0x000000008b500000| PB 0x000000008b500000| Untracked |  0
| 106|0x000000008b600000, 0x000000008b600000, 0x000000008b700000|  0%| F|  |TAMS 0x000000008b600000| PB 0x000000008b600000| Untracked |  0
| 107|0x000000008b700000, 0x000000008b700000, 0x000000008b800000|  0%| F|  |TAMS 0x000000008b700000| PB 0x000000008b700000| Untracked |  0
| 108|0x000000008b800000, 0x000000008b800000, 0x000000008b900000|  0%| F|  |TAMS 0x000000008b800000| PB 0x000000008b800000| Untracked |  0
| 109|0x000000008b900000, 0x000000008b900000, 0x000000008ba00000|  0%| F|  |TAMS 0x000000008b900000| PB 0x000000008b900000| Untracked |  0
| 110|0x000000008ba00000, 0x000000008ba00000, 0x000000008bb00000|  0%| F|  |TAMS 0x000000008ba00000| PB 0x000000008ba00000| Untracked |  0
| 111|0x000000008bb00000, 0x000000008bb00000, 0x000000008bc00000|  0%| F|  |TAMS 0x000000008bb00000| PB 0x000000008bb00000| Untracked |  0
| 112|0x000000008bc00000, 0x000000008bc00000, 0x000000008bd00000|  0%| F|  |TAMS 0x000000008bc00000| PB 0x000000008bc00000| Untracked |  0
| 113|0x000000008bd00000, 0x000000008bd00000, 0x000000008be00000|  0%| F|  |TAMS 0x000000008bd00000| PB 0x000000008bd00000| Untracked |  0
| 114|0x000000008be00000, 0x000000008be00000, 0x000000008bf00000|  0%| F|  |TAMS 0x000000008be00000| PB 0x000000008be00000| Untracked |  0
| 115|0x000000008bf00000, 0x000000008bf00000, 0x000000008c000000|  0%| F|  |TAMS 0x000000008bf00000| PB 0x000000008bf00000| Untracked |  0
| 116|0x000000008c000000, 0x000000008c000000, 0x000000008c100000|  0%| F|  |TAMS 0x000000008c000000| PB 0x000000008c000000| Untracked |  0
| 117|0x000000008c100000, 0x000000008c100000, 0x000000008c200000|  0%| F|  |TAMS 0x000000008c100000| PB 0x000000008c100000| Untracked |  0
| 118|0x000000008c200000, 0x000000008c200000, 0x000000008c300000|  0%| F|  |TAMS 0x000000008c200000| PB 0x000000008c200000| Untracked |  0
| 119|0x000000008c300000, 0x000000008c300000, 0x000000008c400000|  0%| F|  |TAMS 0x000000008c300000| PB 0x000000008c300000| Untracked |  0
| 120|0x000000008c400000, 0x000000008c400000, 0x000000008c500000|  0%| F|  |TAMS 0x000000008c400000| PB 0x000000008c400000| Untracked |  0
| 121|0x000000008c500000, 0x000000008c500000, 0x000000008c600000|  0%| F|  |TAMS 0x000000008c500000| PB 0x000000008c500000| Untracked |  0
| 122|0x000000008c600000, 0x000000008c600000, 0x000000008c700000|  0%| F|  |TAMS 0x000000008c600000| PB 0x000000008c600000| Untracked |  0
| 123|0x000000008c700000, 0x000000008c700000, 0x000000008c800000|  0%| F|  |TAMS 0x000000008c700000| PB 0x000000008c700000| Untracked |  0
| 124|0x000000008c800000, 0x000000008c800000, 0x000000008c900000|  0%| F|  |TAMS 0x000000008c800000| PB 0x000000008c800000| Untracked |  0
| 125|0x000000008c900000, 0x000000008c900000, 0x000000008ca00000|  0%| F|  |TAMS 0x000000008c900000| PB 0x000000008c900000| Untracked |  0
| 126|0x000000008ca00000, 0x000000008ca00000, 0x000000008cb00000|  0%| F|  |TAMS 0x000000008ca00000| PB 0x000000008ca00000| Untracked |  0
| 127|0x000000008cb00000, 0x000000008cb00000, 0x000000008cc00000|  0%| F|  |TAMS 0x000000008cb00000| PB 0x000000008cb00000| Untracked |  0
| 128|0x000000008cc00000, 0x000000008cc00000, 0x000000008cd00000|  0%| F|  |TAMS 0x000000008cc00000| PB 0x000000008cc00000| Untracked |  0
| 129|0x000000008cd00000, 0x000000008cd00000, 0x000000008ce00000|  0%| F|  |TAMS 0x000000008cd00000| PB 0x000000008cd00000| Untracked |  0
| 130|0x000000008ce00000, 0x000000008ce00000, 0x000000008cf00000|  0%| F|  |TAMS 0x000000008ce00000| PB 0x000000008ce00000| Untracked |  0
| 131|0x000000008cf00000, 0x000000008cf00000, 0x000000008d000000|  0%| F|  |TAMS 0x000000008cf00000| PB 0x000000008cf00000| Untracked |  0
| 132|0x000000008d000000, 0x000000008d000000, 0x000000008d100000|  0%| F|  |TAMS 0x000000008d000000| PB 0x000000008d000000| Untracked |  0
| 133|0x000000008d100000, 0x000000008d100000, 0x000000008d200000|  0%| F|  |TAMS 0x000000008d100000| PB 0x000000008d100000| Untracked |  0
| 134|0x000000008d200000, 0x000000008d200000, 0x000000008d300000|  0%| F|  |TAMS 0x000000008d200000| PB 0x000000008d200000| Untracked |  0
| 135|0x000000008d300000, 0x000000008d300000, 0x000000008d400000|  0%| F|  |TAMS 0x000000008d300000| PB 0x000000008d300000| Untracked |  0
| 136|0x000000008d400000, 0x000000008d400000, 0x000000008d500000|  0%| F|  |TAMS 0x000000008d400000| PB 0x000000008d400000| Untracked |  0
| 137|0x000000008d500000, 0x000000008d500000, 0x000000008d600000|  0%| F|  |TAMS 0x000000008d500000| PB 0x000000008d500000| Untracked |  0
| 138|0x000000008d600000, 0x000000008d600000, 0x000000008d700000|  0%| F|  |TAMS 0x000000008d600000| PB 0x000000008d600000| Untracked |  0
| 139|0x000000008d700000, 0x000000008d700000, 0x000000008d800000|  0%| F|  |TAMS 0x000000008d700000| PB 0x000000008d700000| Untracked |  0
| 140|0x000000008d800000, 0x000000008d800000, 0x000000008d900000|  0%| F|  |TAMS 0x000000008d800000| PB 0x000000008d800000| Untracked |  0
| 141|0x000000008d900000, 0x000000008d900000, 0x000000008da00000|  0%| F|  |TAMS 0x000000008d900000| PB 0x000000008d900000| Untracked |  0
| 142|0x000000008da00000, 0x000000008da00000, 0x000000008db00000|  0%| F|  |TAMS 0x000000008da00000| PB 0x000000008da00000| Untracked |  0
| 143|0x000000008db00000, 0x000000008db00000, 0x000000008dc00000|  0%| F|  |TAMS 0x000000008db00000| PB 0x000000008db00000| Untracked |  0
| 144|0x000000008dc00000, 0x000000008dc00000, 0x000000008dd00000|  0%| F|  |TAMS 0x000000008dc00000| PB 0x000000008dc00000| Untracked |  0
| 145|0x000000008dd00000, 0x000000008dd00000, 0x000000008de00000|  0%| F|  |TAMS 0x000000008dd00000| PB 0x000000008dd00000| Untracked |  0
| 146|0x000000008de00000, 0x000000008de00000, 0x000000008df00000|  0%| F|  |TAMS 0x000000008de00000| PB 0x000000008de00000| Untracked |  0
| 147|0x000000008df00000, 0x000000008df00000, 0x000000008e000000|  0%| F|  |TAMS 0x000000008df00000| PB 0x000000008df00000| Untracked |  0
| 148|0x000000008e000000, 0x000000008e000000, 0x000000008e100000|  0%| F|  |TAMS 0x000000008e000000| PB 0x000000008e000000| Untracked |  0
| 149|0x000000008e100000, 0x000000008e180000, 0x000000008e200000| 50%| E|  |TAMS 0x000000008e100000| PB 0x000000008e100000| Complete |  0
| 150|0x000000008e200000, 0x000000008e300000, 0x000000008e300000|100%| E|CS|TAMS 0x000000008e200000| PB 0x000000008e200000| Complete |  0
| 151|0x000000008e300000, 0x000000008e400000, 0x000000008e400000|100%| E|CS|TAMS 0x000000008e300000| PB 0x000000008e300000| Complete |  0
| 152|0x000000008e400000, 0x000000008e500000, 0x000000008e500000|100%| E|CS|TAMS 0x000000008e400000| PB 0x000000008e400000| Complete |  0
| 153|0x000000008e500000, 0x000000008e600000, 0x000000008e600000|100%| E|CS|TAMS 0x000000008e500000| PB 0x000000008e500000| Complete |  0
| 154|0x000000008e600000, 0x000000008e700000, 0x000000008e700000|100%| E|CS|TAMS 0x000000008e600000| PB 0x000000008e600000| Complete |  0
| 155|0x000000008e700000, 0x000000008e800000, 0x000000008e800000|100%| E|CS|TAMS 0x000000008e700000| PB 0x000000008e700000| Complete |  0
| 156|0x000000008e800000, 0x000000008e900000, 0x000000008e900000|100%| E|CS|TAMS 0x000000008e800000| PB 0x000000008e800000| Complete |  0
| 157|0x000000008e900000, 0x000000008ea00000, 0x000000008ea00000|100%| E|CS|TAMS 0x000000008e900000| PB 0x000000008e900000| Complete |  0
| 158|0x000000008ea00000, 0x000000008eb00000, 0x000000008eb00000|100%| E|CS|TAMS 0x000000008ea00000| PB 0x000000008ea00000| Complete |  0
| 159|0x000000008eb00000, 0x000000008ec00000, 0x000000008ec00000|100%| E|CS|TAMS 0x000000008eb00000| PB 0x000000008eb00000| Complete |  0
| 160|0x000000008ec00000, 0x000000008ed00000, 0x000000008ed00000|100%| E|CS|TAMS 0x000000008ec00000| PB 0x000000008ec00000| Complete |  0
| 161|0x000000008ed00000, 0x000000008ee00000, 0x000000008ee00000|100%| E|CS|TAMS 0x000000008ed00000| PB 0x000000008ed00000| Complete |  0
| 162|0x000000008ee00000, 0x000000008ef00000, 0x000000008ef00000|100%| E|CS|TAMS 0x000000008ee00000| PB 0x000000008ee00000| Complete |  0
| 163|0x000000008ef00000, 0x000000008f000000, 0x000000008f000000|100%| E|CS|TAMS 0x000000008ef00000| PB 0x000000008ef00000| Complete |  0
| 164|0x000000008f000000, 0x000000008f100000, 0x000000008f100000|100%| E|CS|TAMS 0x000000008f000000| PB 0x000000008f000000| Complete |  0
| 165|0x000000008f100000, 0x000000008f200000, 0x000000008f200000|100%| E|CS|TAMS 0x000000008f100000| PB 0x000000008f100000| Complete |  0
| 166|0x000000008f200000, 0x000000008f300000, 0x000000008f300000|100%| E|CS|TAMS 0x000000008f200000| PB 0x000000008f200000| Complete |  0
| 167|0x000000008f300000, 0x000000008f400000, 0x000000008f400000|100%| E|CS|TAMS 0x000000008f300000| PB 0x000000008f300000| Complete |  0
| 168|0x000000008f400000, 0x000000008f500000, 0x000000008f500000|100%| E|CS|TAMS 0x000000008f400000| PB 0x000000008f400000| Complete |  0
| 169|0x000000008f500000, 0x000000008f600000, 0x000000008f600000|100%| E|CS|TAMS 0x000000008f500000| PB 0x000000008f500000| Complete |  0
| 170|0x000000008f600000, 0x000000008f700000, 0x000000008f700000|100%| E|CS|TAMS 0x000000008f600000| PB 0x000000008f600000| Complete |  0
| 171|0x000000008f700000, 0x000000008f800000, 0x000000008f800000|100%| E|CS|TAMS 0x000000008f700000| PB 0x000000008f700000| Complete |  0
| 172|0x000000008f800000, 0x000000008f900000, 0x000000008f900000|100%| E|CS|TAMS 0x000000008f800000| PB 0x000000008f800000| Complete |  0
| 173|0x000000008f900000, 0x000000008fa00000, 0x000000008fa00000|100%| E|CS|TAMS 0x000000008f900000| PB 0x000000008f900000| Complete |  0
| 174|0x000000008fa00000, 0x000000008fb00000, 0x000000008fb00000|100%| E|CS|TAMS 0x000000008fa00000| PB 0x000000008fa00000| Complete |  0
| 175|0x000000008fb00000, 0x000000008fc00000, 0x000000008fc00000|100%| E|CS|TAMS 0x000000008fb00000| PB 0x000000008fb00000| Complete |  0
| 176|0x000000008fc00000, 0x000000008fd00000, 0x000000008fd00000|100%| E|CS|TAMS 0x000000008fc00000| PB 0x000000008fc00000| Complete |  0
| 177|0x000000008fd00000, 0x000000008fe00000, 0x000000008fe00000|100%| E|CS|TAMS 0x000000008fd00000| PB 0x000000008fd00000| Complete |  0
| 178|0x000000008fe00000, 0x000000008ff00000, 0x000000008ff00000|100%| E|CS|TAMS 0x000000008fe00000| PB 0x000000008fe00000| Complete |  0
| 179|0x000000008ff00000, 0x0000000090000000, 0x0000000090000000|100%| E|CS|TAMS 0x000000008ff00000| PB 0x000000008ff00000| Complete |  0
| 180|0x0000000090000000, 0x0000000090100000, 0x0000000090100000|100%| E|CS|TAMS 0x0000000090000000| PB 0x0000000090000000| Complete |  0
| 181|0x0000000090100000, 0x0000000090200000, 0x0000000090200000|100%| E|CS|TAMS 0x0000000090100000| PB 0x0000000090100000| Complete |  0
| 182|0x0000000090200000, 0x0000000090300000, 0x0000000090300000|100%| E|CS|TAMS 0x0000000090200000| PB 0x0000000090200000| Complete |  0
| 183|0x0000000090300000, 0x0000000090400000, 0x0000000090400000|100%| E|CS|TAMS 0x0000000090300000| PB 0x0000000090300000| Complete |  0
| 184|0x0000000090400000, 0x0000000090500000, 0x0000000090500000|100%| E|CS|TAMS 0x0000000090400000| PB 0x0000000090400000| Complete |  0
| 185|0x0000000090500000, 0x0000000090600000, 0x0000000090600000|100%| E|CS|TAMS 0x0000000090500000| PB 0x0000000090500000| Complete |  0
| 186|0x0000000090600000, 0x0000000090700000, 0x0000000090700000|100%| E|CS|TAMS 0x0000000090600000| PB 0x0000000090600000| Complete |  0
| 187|0x0000000090700000, 0x0000000090800000, 0x0000000090800000|100%| E|CS|TAMS 0x0000000090700000| PB 0x0000000090700000| Complete |  0
| 188|0x0000000090800000, 0x0000000090900000, 0x0000000090900000|100%| E|CS|TAMS 0x0000000090800000| PB 0x0000000090800000| Complete |  0
| 189|0x0000000090900000, 0x0000000090a00000, 0x0000000090a00000|100%| E|CS|TAMS 0x0000000090900000| PB 0x0000000090900000| Complete |  0
| 190|0x0000000090a00000, 0x0000000090b00000, 0x0000000090b00000|100%| E|CS|TAMS 0x0000000090a00000| PB 0x0000000090a00000| Complete |  0
| 191|0x0000000090b00000, 0x0000000090c00000, 0x0000000090c00000|100%| E|CS|TAMS 0x0000000090b00000| PB 0x0000000090b00000| Complete |  0
| 192|0x0000000090c00000, 0x0000000090d00000, 0x0000000090d00000|100%| E|CS|TAMS 0x0000000090c00000| PB 0x0000000090c00000| Complete |  0
| 193|0x0000000090d00000, 0x0000000090e00000, 0x0000000090e00000|100%| E|CS|TAMS 0x0000000090d00000| PB 0x0000000090d00000| Complete |  0
| 194|0x0000000090e00000, 0x0000000090f00000, 0x0000000090f00000|100%| E|CS|TAMS 0x0000000090e00000| PB 0x0000000090e00000| Complete |  0
| 195|0x0000000090f00000, 0x0000000091000000, 0x0000000091000000|100%| E|CS|TAMS 0x0000000090f00000| PB 0x0000000090f00000| Complete |  0
| 196|0x0000000091000000, 0x0000000091100000, 0x0000000091100000|100%| E|CS|TAMS 0x0000000091000000| PB 0x0000000091000000| Complete |  0
| 197|0x0000000091100000, 0x0000000091200000, 0x0000000091200000|100%| E|CS|TAMS 0x0000000091100000| PB 0x0000000091100000| Complete |  0
| 198|0x0000000091200000, 0x0000000091300000, 0x0000000091300000|100%| E|CS|TAMS 0x0000000091200000| PB 0x0000000091200000| Complete |  0
| 199|0x0000000091300000, 0x0000000091400000, 0x0000000091400000|100%| E|CS|TAMS 0x0000000091300000| PB 0x0000000091300000| Complete |  0
| 200|0x0000000091400000, 0x0000000091500000, 0x0000000091500000|100%| E|CS|TAMS 0x0000000091400000| PB 0x0000000091400000| Complete |  0
| 201|0x0000000091500000, 0x0000000091600000, 0x0000000091600000|100%| E|CS|TAMS 0x0000000091500000| PB 0x0000000091500000| Complete |  0
| 202|0x0000000091600000, 0x0000000091700000, 0x0000000091700000|100%| E|CS|TAMS 0x0000000091600000| PB 0x0000000091600000| Complete |  0
| 203|0x0000000091700000, 0x0000000091800000, 0x0000000091800000|100%| E|CS|TAMS 0x0000000091700000| PB 0x0000000091700000| Complete |  0
| 204|0x0000000091800000, 0x0000000091900000, 0x0000000091900000|100%| E|CS|TAMS 0x0000000091800000| PB 0x0000000091800000| Complete |  0
| 205|0x0000000091900000, 0x0000000091a00000, 0x0000000091a00000|100%| E|CS|TAMS 0x0000000091900000| PB 0x0000000091900000| Complete |  0
| 206|0x0000000091a00000, 0x0000000091b00000, 0x0000000091b00000|100%| E|CS|TAMS 0x0000000091a00000| PB 0x0000000091a00000| Complete |  0
| 207|0x0000000091b00000, 0x0000000091c00000, 0x0000000091c00000|100%| E|CS|TAMS 0x0000000091b00000| PB 0x0000000091b00000| Complete |  0
| 208|0x0000000091c00000, 0x0000000091d00000, 0x0000000091d00000|100%| E|CS|TAMS 0x0000000091c00000| PB 0x0000000091c00000| Complete |  0
| 209|0x0000000091d00000, 0x0000000091e00000, 0x0000000091e00000|100%| E|CS|TAMS 0x0000000091d00000| PB 0x0000000091d00000| Complete |  0
| 210|0x0000000091e00000, 0x0000000091f00000, 0x0000000091f00000|100%| E|CS|TAMS 0x0000000091e00000| PB 0x0000000091e00000| Complete |  0
| 211|0x0000000091f00000, 0x0000000092000000, 0x0000000092000000|100%| E|CS|TAMS 0x0000000091f00000| PB 0x0000000091f00000| Complete |  0
| 212|0x0000000092000000, 0x0000000092100000, 0x0000000092100000|100%| E|CS|TAMS 0x0000000092000000| PB 0x0000000092000000| Complete |  0
| 213|0x0000000092100000, 0x0000000092200000, 0x0000000092200000|100%| E|CS|TAMS 0x0000000092100000| PB 0x0000000092100000| Complete |  0
| 214|0x0000000092200000, 0x0000000092300000, 0x0000000092300000|100%| E|CS|TAMS 0x0000000092200000| PB 0x0000000092200000| Complete |  0
| 215|0x0000000092300000, 0x0000000092400000, 0x0000000092400000|100%| E|CS|TAMS 0x0000000092300000| PB 0x0000000092300000| Complete |  0
| 216|0x0000000092400000, 0x0000000092500000, 0x0000000092500000|100%| E|CS|TAMS 0x0000000092400000| PB 0x0000000092400000| Complete |  0
| 217|0x0000000092500000, 0x0000000092600000, 0x0000000092600000|100%| E|CS|TAMS 0x0000000092500000| PB 0x0000000092500000| Complete |  0
| 218|0x0000000092600000, 0x0000000092700000, 0x0000000092700000|100%| E|CS|TAMS 0x0000000092600000| PB 0x0000000092600000| Complete |  0
| 219|0x0000000092700000, 0x0000000092800000, 0x0000000092800000|100%| E|CS|TAMS 0x0000000092700000| PB 0x0000000092700000| Complete |  0
| 220|0x0000000092800000, 0x0000000092900000, 0x0000000092900000|100%| E|CS|TAMS 0x0000000092800000| PB 0x0000000092800000| Complete |  0
| 221|0x0000000092900000, 0x0000000092a00000, 0x0000000092a00000|100%| E|CS|TAMS 0x0000000092900000| PB 0x0000000092900000| Complete |  0
| 222|0x0000000092a00000, 0x0000000092b00000, 0x0000000092b00000|100%| E|CS|TAMS 0x0000000092a00000| PB 0x0000000092a00000| Complete |  0
| 223|0x0000000092b00000, 0x0000000092c00000, 0x0000000092c00000|100%| E|CS|TAMS 0x0000000092b00000| PB 0x0000000092b00000| Complete |  0
| 224|0x0000000092c00000, 0x0000000092d00000, 0x0000000092d00000|100%| E|CS|TAMS 0x0000000092c00000| PB 0x0000000092c00000| Complete |  0
| 225|0x0000000092d00000, 0x0000000092e00000, 0x0000000092e00000|100%| E|CS|TAMS 0x0000000092d00000| PB 0x0000000092d00000| Complete |  0
| 226|0x0000000092e00000, 0x0000000092f00000, 0x0000000092f00000|100%| E|CS|TAMS 0x0000000092e00000| PB 0x0000000092e00000| Complete |  0
| 227|0x0000000092f00000, 0x0000000093000000, 0x0000000093000000|100%| E|CS|TAMS 0x0000000092f00000| PB 0x0000000092f00000| Complete |  0
|1969|0x00000000ffd00000, 0x00000000ffe00000, 0x00000000ffe00000|100%| O|  |TAMS 0x00000000ffd00000| PB 0x00000000ffd00000| Untracked |  0
|1970|0x00000000ffe00000, 0x00000000fff00000, 0x00000000fff00000|100%| O|  |TAMS 0x00000000ffe00000| PB 0x00000000ffe00000| Untracked |  0
|1971|0x00000000fff00000, 0x0000000100000000, 0x0000000100000000|100%| E|CS|TAMS 0x00000000fff00000| PB 0x00000000fff00000| Complete |  0

Card table byte_map: [0x000002c3fb660000,0x000002c3fba40000] _byte_map_base: 0x000002c3fb23a000

Marking Bits: (CMBitMap*) 0x000002c3f2a309e0
 Bits: [0x000002c3fba40000, 0x000002c3fd910000)

Polling page: 0x000002c3f0810000

Metaspace:

Usage:
  Non-class:     74.12 MB used.
      Class:      9.23 MB used.
       Both:     83.35 MB used.

Virtual space:
  Non-class space:      128.00 MB reserved,      74.56 MB ( 58%) committed,  2 nodes.
      Class space:        1.00 GB reserved,       9.50 MB ( <1%) committed,  1 nodes.
             Both:        1.12 GB reserved,      84.06 MB (  7%) committed. 

Chunk freelists:
   Non-Class:  4.86 MB
       Class:  6.45 MB
        Both:  11.31 MB

MaxMetaspaceSize: unlimited
CompressedClassSpaceSize: 1.00 GB
Initial GC threshold: 21.00 MB
Current GC threshold: 125.88 MB
CDS: on
 - commit_granule_bytes: 65536.
 - commit_granule_words: 8192.
 - virtual_space_node_default_size: 8388608.
 - enlarge_chunks_in_place: 1.
UseCompressedClassPointers 1, UseCompactObjectHeaders 0
Narrow klass pointer bits 32, Max shift 3
Narrow klass base: 0x000002c38f000000, Narrow klass shift: 0
Encoding Range: [0x000002c38f000000 - 0x000002c48f000000), (4294967296 bytes)
Klass Range:    [0x000002c38f000000 - 0x000002c3d0000000), (1090519040 bytes)
Klass ID Range:  [8 - 1090519033) (1090519025)


Internal statistics:

num_allocs_failed_limit: 15.
num_arena_births: 1012.
num_arena_deaths: 0.
num_vsnodes_births: 3.
num_vsnodes_deaths: 0.
num_space_committed: 1345.
num_space_uncommitted: 0.
num_chunks_returned_to_freelist: 15.
num_chunks_taken_from_freelist: 3972.
num_chunk_merges: 15.
num_chunk_splits: 2921.
num_chunks_enlarged: 2375.
num_inconsistent_stats: 0.

CodeHeap 'non-profiled nmethods': size=120064Kb used=6277Kb max_used=6277Kb free=113786Kb
 bounds [0x000002c387ac0000, 0x000002c3880f0000, 0x000002c38f000000]
CodeHeap 'profiled nmethods': size=120000Kb used=17107Kb max_used=17107Kb free=102892Kb
 bounds [0x000002c380000000, 0x000002c3810c0000, 0x000002c387530000]
CodeHeap 'non-nmethods': size=5696Kb used=1817Kb max_used=1941Kb free=3878Kb
 bounds [0x000002c387530000, 0x000002c3877a0000, 0x000002c387ac0000]
CodeCache: size=245760Kb, used=25201Kb, max_used=25325Kb, free=220556Kb
 total_blobs=11252, nmethods=10477, adapters=678, full_count=0
Compilation: enabled, stopped_count=0, restarted_count=0

Compilation events (20 events):
Event: 7821.895 Thread 0x000002c3ffe1b200 nmethod 11794 0x000002c3810b3c88 code [0x000002c3810b3da0, 0x000002c3810b3f70]
Event: 7822.058 Thread 0x000002c3ffe1b200 11795       3       com.mysql.cj.protocol.a.NativePacketPayload::getCapacity (6 bytes)
Event: 7822.059 Thread 0x000002c3ffe1b200 nmethod 11795 0x000002c3810b3f88 code [0x000002c3810b40a0, 0x000002c3810b41b0]
Event: 7835.505 Thread 0x000002c3ffe1b200 11796       3       java.net.Socket::isConnected (8 bytes)
Event: 7835.505 Thread 0x000002c3ffe1b200 nmethod 11796 0x000002c3810b4288 code [0x000002c3810b43a0, 0x000002c3810b4558]
Event: 7835.520 Thread 0x000002c3ffe1b200 11797       3       java.security.KeyPairGeneratorSpi::<init> (5 bytes)
Event: 7835.522 Thread 0x000002c3ffe1b200 nmethod 11797 0x000002c3810b4588 code [0x000002c3810b46a0, 0x000002c3810b4800]
Event: 7835.524 Thread 0x000002c3ffde9620 11798       4       java.math.BigInteger::add (123 bytes)
Event: 7835.536 Thread 0x000002c3ffe1b200 11801       3       java.math.MutableBigInteger::divide (8 bytes)
Event: 7835.537 Thread 0x000002c3ffe1b200 nmethod 11801 0x000002c3810b4888 code [0x000002c3810b49a0, 0x000002c3810b4af0]
Event: 7835.537 Thread 0x000002c3ffe1b200 11802       3       java.math.MutableBigInteger::divide (38 bytes)
Event: 7835.539 Thread 0x000002c3ffe1b200 nmethod 11802 0x000002c3810b4b88 code [0x000002c3810b4cc0, 0x000002c3810b4ee0]
Event: 7835.634 Thread 0x000002c3ffde9620 nmethod 11798 0x000002c3880df888 code [0x000002c3880dfa20, 0x000002c3880e0928]
Event: 7835.635 Thread 0x000002c3ffde9620 11800       4       jdk.internal.misc.Unsafe::checkPointer (19 bytes)
Event: 7835.637 Thread 0x000002c3ffde9620 nmethod 11800 0x000002c3880e0988 code [0x000002c3880e0a80, 0x000002c3880e0b28]
Event: 7835.637 Thread 0x000002c3ffde9620 11799       4       java.math.BigInteger::valueOf (62 bytes)
Event: 7835.644 Thread 0x000002c3ffde9620 nmethod 11799 0x000002c3880e0c88 code [0x000002c3880e0dc0, 0x000002c3880e1238]
Event: 7840.619 Thread 0x000002c3ffde9620 11803       4       sun.nio.ch.Util$BufferCache::next (8 bytes)
Event: 7840.622 Thread 0x000002c3ffde9620 nmethod 11803 0x000002c3880e1288 code [0x000002c3880e1380, 0x000002c3880e1410]
Event: 7851.715 Thread 0x000002c3ffde9620 11804       4       java.util.concurrent.locks.AbstractQueuedSynchronizer$ConditionObject::awaitNanos (202 bytes)

GC Heap History (20 events):
Event: 9.124 GC heap before
{Heap before GC invocations=24 (full 0):
 garbage-first heap   total reserved 2019328K, committed 86016K, used 73725K [0x0000000084c00000, 0x0000000100000000)
  region size 1024K, 49 young (50176K), 6 survivors (6144K)
 Metaspace       used 70975K, committed 71488K, reserved 1114112K
  class space    used 7443K, committed 7616K, reserved 1048576K
}
Event: 9.133 GC heap after
{Heap after GC invocations=25 (full 0):
 garbage-first heap   total reserved 2019328K, committed 103424K, used 31505K [0x0000000084c00000, 0x0000000100000000)
  region size 1024K, 6 young (6144K), 6 survivors (6144K)
 Metaspace       used 70975K, committed 71488K, reserved 1114112K
  class space    used 7443K, committed 7616K, reserved 1048576K
}
Event: 9.618 GC heap before
{Heap before GC invocations=25 (full 0):
 garbage-first heap   total reserved 2019328K, committed 103424K, used 86801K [0x0000000084c00000, 0x0000000100000000)
  region size 1024K, 60 young (61440K), 6 survivors (6144K)
 Metaspace       used 75065K, committed 75648K, reserved 1179648K
  class space    used 8266K, committed 8512K, reserved 1048576K
}
Event: 9.626 GC heap after
{Heap after GC invocations=26 (full 0):
 garbage-first heap   total reserved 2019328K, committed 103424K, used 35136K [0x0000000084c00000, 0x0000000100000000)
  region size 1024K, 8 young (8192K), 8 survivors (8192K)
 Metaspace       used 75065K, committed 75648K, reserved 1179648K
  class space    used 8266K, committed 8512K, reserved 1048576K
}
Event: 9.841 GC heap before
{Heap before GC invocations=26 (full 0):
 garbage-first heap   total reserved 2019328K, committed 103424K, used 88384K [0x0000000084c00000, 0x0000000100000000)
  region size 1024K, 60 young (61440K), 8 survivors (8192K)
 Metaspace       used 76628K, committed 77248K, reserved 1179648K
  class space    used 8487K, committed 8768K, reserved 1048576K
}
Event: 9.849 GC heap after
{Heap after GC invocations=27 (full 0):
 garbage-first heap   total reserved 2019328K, committed 103424K, used 36401K [0x0000000084c00000, 0x0000000100000000)
  region size 1024K, 5 young (5120K), 5 survivors (5120K)
 Metaspace       used 76628K, committed 77248K, reserved 1179648K
  class space    used 8487K, committed 8768K, reserved 1048576K
}
Event: 9.958 GC heap before
{Heap before GC invocations=27 (full 0):
 garbage-first heap   total reserved 2019328K, committed 103424K, used 91697K [0x0000000084c00000, 0x0000000100000000)
  region size 1024K, 59 young (60416K), 5 survivors (5120K)
 Metaspace       used 76703K, committed 77312K, reserved 1179648K
  class space    used 8498K, committed 8768K, reserved 1048576K
}
Event: 9.965 GC heap after
{Heap after GC invocations=28 (full 0):
 garbage-first heap   total reserved 2019328K, committed 103424K, used 38223K [0x0000000084c00000, 0x0000000100000000)
  region size 1024K, 7 young (7168K), 7 survivors (7168K)
 Metaspace       used 76703K, committed 77312K, reserved 1179648K
  class space    used 8498K, committed 8768K, reserved 1048576K
}
Event: 10.058 GC heap before
{Heap before GC invocations=29 (full 0):
 garbage-first heap   total reserved 2019328K, committed 103424K, used 89423K [0x0000000084c00000, 0x0000000100000000)
  region size 1024K, 57 young (58368K), 7 survivors (7168K)
 Metaspace       used 76710K, committed 77312K, reserved 1179648K
  class space    used 8498K, committed 8768K, reserved 1048576K
}
Event: 10.070 GC heap after
{Heap after GC invocations=30 (full 0):
 garbage-first heap   total reserved 2019328K, committed 103424K, used 42693K [0x0000000084c00000, 0x0000000100000000)
  region size 1024K, 8 young (8192K), 8 survivors (8192K)
 Metaspace       used 76710K, committed 77312K, reserved 1179648K
  class space    used 8498K, committed 8768K, reserved 1048576K
}
Event: 10.133 GC heap before
{Heap before GC invocations=30 (full 0):
 garbage-first heap   total reserved 2019328K, committed 103424K, used 88773K [0x0000000084c00000, 0x0000000100000000)
  region size 1024K, 53 young (54272K), 8 survivors (8192K)
 Metaspace       used 76721K, committed 77312K, reserved 1179648K
  class space    used 8501K, committed 8768K, reserved 1048576K
}
Event: 10.141 GC heap after
{Heap after GC invocations=31 (full 0):
 garbage-first heap   total reserved 2019328K, committed 236544K, used 43937K [0x0000000084c00000, 0x0000000100000000)
  region size 1024K, 2 young (2048K), 2 survivors (2048K)
 Metaspace       used 76721K, committed 77312K, reserved 1179648K
  class space    used 8501K, committed 8768K, reserved 1048576K
}
Event: 10.392 GC heap before
{Heap before GC invocations=31 (full 0):
 garbage-first heap   total reserved 2019328K, committed 236544K, used 183201K [0x0000000084c00000, 0x0000000100000000)
  region size 1024K, 138 young (141312K), 2 survivors (2048K)
 Metaspace       used 76795K, committed 77376K, reserved 1179648K
  class space    used 8513K, committed 8768K, reserved 1048576K
}
Event: 10.402 GC heap after
{Heap after GC invocations=32 (full 0):
 garbage-first heap   total reserved 2019328K, committed 236544K, used 54403K [0x0000000084c00000, 0x0000000100000000)
  region size 1024K, 12 young (12288K), 12 survivors (12288K)
 Metaspace       used 76795K, committed 77376K, reserved 1179648K
  class space    used 8513K, committed 8768K, reserved 1048576K
}
Event: 10.523 GC heap before
{Heap before GC invocations=32 (full 0):
 garbage-first heap   total reserved 2019328K, committed 236544K, used 169091K [0x0000000084c00000, 0x0000000100000000)
  region size 1024K, 124 young (126976K), 12 survivors (12288K)
 Metaspace       used 76880K, committed 77376K, reserved 1179648K
  class space    used 8534K, committed 8768K, reserved 1048576K
}
Event: 10.527 GC heap after
{Heap after GC invocations=33 (full 0):
 garbage-first heap   total reserved 2019328K, committed 236544K, used 46321K [0x0000000084c00000, 0x0000000100000000)
  region size 1024K, 2 young (2048K), 2 survivors (2048K)
 Metaspace       used 76880K, committed 77376K, reserved 1179648K
  class space    used 8534K, committed 8768K, reserved 1048576K
}
Event: 10.951 GC heap before
{Heap before GC invocations=33 (full 0):
 garbage-first heap   total reserved 2019328K, committed 236544K, used 179441K [0x0000000084c00000, 0x0000000100000000)
  region size 1024K, 132 young (135168K), 2 survivors (2048K)
 Metaspace       used 77659K, committed 78272K, reserved 1179648K
  class space    used 8610K, committed 8896K, reserved 1048576K
}
Event: 10.955 GC heap after
{Heap after GC invocations=34 (full 0):
 garbage-first heap   total reserved 2019328K, committed 236544K, used 47773K [0x0000000084c00000, 0x0000000100000000)
  region size 1024K, 4 young (4096K), 4 survivors (4096K)
 Metaspace       used 77659K, committed 78272K, reserved 1179648K
  class space    used 8610K, committed 8896K, reserved 1048576K
}
Event: 12.282 GC heap before
{Heap before GC invocations=34 (full 0):
 garbage-first heap   total reserved 2019328K, committed 236544K, used 184989K [0x0000000084c00000, 0x0000000100000000)
  region size 1024K, 138 young (141312K), 4 survivors (4096K)
 Metaspace       used 83728K, committed 84480K, reserved 1179648K
  class space    used 9308K, committed 9600K, reserved 1048576K
}
Event: 12.292 GC heap after
{Heap after GC invocations=35 (full 0):
 garbage-first heap   total reserved 2019328K, committed 236544K, used 53623K [0x0000000084c00000, 0x0000000100000000)
  region size 1024K, 9 young (9216K), 9 survivors (9216K)
 Metaspace       used 83728K, committed 84480K, reserved 1179648K
  class space    used 9308K, committed 9600K, reserved 1048576K
}

Dll operation events (10 events):
Event: 0.045 Loaded shared library C:\Program Files\Java\jdk-24\bin\java.dll
Event: 0.123 Loaded shared library C:\Program Files\Java\jdk-24\bin\jsvml.dll
Event: 0.128 Loaded shared library C:\Program Files\Java\jdk-24\bin\net.dll
Event: 0.131 Loaded shared library C:\Program Files\Java\jdk-24\bin\nio.dll
Event: 0.138 Loaded shared library C:\Program Files\Java\jdk-24\bin\zip.dll
Event: 0.197 Loaded shared library C:\Program Files\Java\jdk-24\bin\jimage.dll
Event: 2.791 Loaded shared library C:\Program Files\Java\jdk-24\bin\sunmscapi.dll
Event: 6.215 Loaded shared library C:\Program Files\Java\jdk-24\bin\extnet.dll
Event: 12.481 Loaded shared library C:\Program Files\Java\jdk-24\bin\management.dll
Event: 12.488 Loaded shared library C:\Program Files\Java\jdk-24\bin\management_ext.dll

Deoptimization events (20 events):
Event: 5393.460 Thread 0x000002c3d5f73a10 Uncommon trap: trap_request=0xffffffbe fr.pc=0x000002c3880c3478 relative=0x0000000000000358
Event: 5393.460 Thread 0x000002c3d5f73a10 Uncommon trap: reason=profile_predicate action=maybe_recompile pc=0x000002c3880c3478 method=java.util.concurrent.ConcurrentHashMap$Traverser.advance()Ljava/util/concurrent/ConcurrentHashMap$Node; @ 15 c2
Event: 5393.460 Thread 0x000002c3d5f73a10 DEOPT PACKING pc=0x000002c3880c3478 sp=0x000000e0e8fff1f0
Event: 5393.462 Thread 0x000002c3d5f73a10 DEOPT UNPACKING pc=0x000002c387657b82 sp=0x000000e0e8ffefb0 mode 2
Event: 7789.852 Thread 0x000002c3d59550e0 Uncommon trap: trap_request=0xffffffbe fr.pc=0x000002c3880dd920 relative=0x00000000000000a0
Event: 7789.854 Thread 0x000002c3d59550e0 Uncommon trap: reason=profile_predicate action=maybe_recompile pc=0x000002c3880dd920 method=java.math.BigInteger.longValue()J @ 5 c2
Event: 7789.855 Thread 0x000002c3d59550e0 DEOPT PACKING pc=0x000002c3880dd920 sp=0x000000e0e72fd910
Event: 7789.857 Thread 0x000002c3d59550e0 DEOPT UNPACKING pc=0x000002c387657b82 sp=0x000000e0e72fd880 mode 2
Event: 7789.857 Thread 0x000002c3d59550e0 Uncommon trap: trap_request=0xffffffbe fr.pc=0x000002c3880dd920 relative=0x00000000000000a0
Event: 7789.857 Thread 0x000002c3d59550e0 Uncommon trap: reason=profile_predicate action=maybe_recompile pc=0x000002c3880dd920 method=java.math.BigInteger.longValue()J @ 5 c2
Event: 7789.857 Thread 0x000002c3d59550e0 DEOPT PACKING pc=0x000002c3880dd920 sp=0x000000e0e72fd910
Event: 7789.858 Thread 0x000002c3d59550e0 DEOPT UNPACKING pc=0x000002c387657b82 sp=0x000000e0e72fd880 mode 2
Event: 7789.858 Thread 0x000002c3d59550e0 Uncommon trap: trap_request=0xffffffbe fr.pc=0x000002c3880dd920 relative=0x00000000000000a0
Event: 7789.858 Thread 0x000002c3d59550e0 Uncommon trap: reason=profile_predicate action=maybe_recompile pc=0x000002c3880dd920 method=java.math.BigInteger.longValue()J @ 5 c2
Event: 7789.858 Thread 0x000002c3d59550e0 DEOPT PACKING pc=0x000002c3880dd920 sp=0x000000e0e72fd910
Event: 7789.858 Thread 0x000002c3d59550e0 DEOPT UNPACKING pc=0x000002c387657b82 sp=0x000000e0e72fd880 mode 2
Event: 7789.858 Thread 0x000002c3d59550e0 Uncommon trap: trap_request=0xffffffbe fr.pc=0x000002c3880dd920 relative=0x00000000000000a0
Event: 7789.858 Thread 0x000002c3d59550e0 Uncommon trap: reason=profile_predicate action=maybe_recompile pc=0x000002c3880dd920 method=java.math.BigInteger.longValue()J @ 5 c2
Event: 7789.858 Thread 0x000002c3d59550e0 DEOPT PACKING pc=0x000002c3880dd920 sp=0x000000e0e72fd910
Event: 7789.858 Thread 0x000002c3d59550e0 DEOPT UNPACKING pc=0x000002c387657b82 sp=0x000000e0e72fd880 mode 2

Classes loaded (20 events):
Event: 12.493 Loading class java/lang/management/DefaultPlatformMBeanProvider$11
Event: 12.493 Loading class java/lang/management/DefaultPlatformMBeanProvider$11 done
Event: 12.493 Loading class jdk/management/jfr/FlightRecorderMXBean
Event: 12.494 Loading class jdk/management/jfr/FlightRecorderMXBean done
Event: 12.494 Loading class jdk/management/jfr/internal/FlightRecorderMXBeanProvider$SingleMBeanComponent
Event: 12.494 Loading class jdk/management/jfr/internal/FlightRecorderMXBeanProvider$SingleMBeanComponent done
Event: 12.494 Loading class sun/management/RuntimeImpl
Event: 12.494 Loading class sun/management/RuntimeImpl done
Event: 12.497 Loading class java/util/IdentityHashMap$KeySpliterator
Event: 12.497 Loading class java/util/IdentityHashMap$IdentityHashMapSpliterator
Event: 12.497 Loading class java/util/IdentityHashMap$IdentityHashMapSpliterator done
Event: 12.497 Loading class java/util/IdentityHashMap$KeySpliterator done
Event: 1388.509 Loading class sun/security/ssl/Alert
Event: 1388.557 Loading class sun/security/ssl/Alert done
Event: 1388.567 Loading class sun/security/ssl/Alert$AlertConsumer
Event: 1388.580 Loading class sun/security/ssl/Alert$AlertConsumer done
Event: 1388.580 Loading class sun/security/ssl/Alert$Level
Event: 1388.582 Loading class sun/security/ssl/Alert$Level done
Event: 1388.596 Loading class sun/net/ConnectionResetException
Event: 1388.598 Loading class sun/net/ConnectionResetException done

Classes unloaded (0 events):
No events

Classes redefined (0 events):
No events

Internal exceptions (20 events):
Event: 4990.896 Thread 0x000002c3d59550e0 Exception <a 'java/io/IOException'{0x000000008f481ea8}> (0x000000008f481ea8) 
thrown [s\open\src\hotspot\share\prims\jni.cpp, line 518]
Event: 5389.464 Thread 0x000002c3d5f73a10 Implicit null exception at 0x000002c3880c2c18 to 0x000002c3880c2ef0
Event: 5390.471 Thread 0x000002c3d5f73a10 Implicit null exception at 0x000002c3880c2c18 to 0x000002c3880c2ef0
Event: 5391.460 Thread 0x000002c3d5f73a10 Implicit null exception at 0x000002c3880c2c18 to 0x000002c3880c2ef0
Event: 5392.466 Thread 0x000002c3d5f73a10 Implicit null exception at 0x000002c3880c2c18 to 0x000002c3880c2ef0
Event: 5393.460 Thread 0x000002c3d5f73a10 Implicit null exception at 0x000002c3880c3196 to 0x000002c3880c345c
Event: 6074.751 Thread 0x000002c3d5953af0 Exception <a 'java/io/IOException'{0x000000008f16c808}> (0x000000008f16c808) 
thrown [s\open\src\hotspot\share\prims\jni.cpp, line 518]
Event: 6074.773 Thread 0x000002c3d5953af0 Exception <a 'java/io/IOException'{0x000000008f16d470}> (0x000000008f16d470) 
thrown [s\open\src\hotspot\share\prims\jni.cpp, line 518]
Event: 6112.908 Thread 0x000002c3d59550e0 Exception <a 'java/io/IOException'{0x000000008f081c98}> (0x000000008f081c98) 
thrown [s\open\src\hotspot\share\prims\jni.cpp, line 518]
Event: 6112.910 Thread 0x000002c3d59550e0 Exception <a 'java/io/IOException'{0x000000008f082900}> (0x000000008f082900) 
thrown [s\open\src\hotspot\share\prims\jni.cpp, line 518]
Event: 6244.864 Thread 0x000002c3d59550e0 Exception <a 'java/io/IOException'{0x000000008efec828}> (0x000000008efec828) 
thrown [s\open\src\hotspot\share\prims\jni.cpp, line 518]
Event: 6244.880 Thread 0x000002c3d59550e0 Exception <a 'java/io/IOException'{0x000000008efed490}> (0x000000008efed490) 
thrown [s\open\src\hotspot\share\prims\jni.cpp, line 518]
Event: 6480.811 Thread 0x000002c3d5953af0 Exception <a 'java/io/IOException'{0x000000008e901240}> (0x000000008e901240) 
thrown [s\open\src\hotspot\share\prims\jni.cpp, line 518]
Event: 6480.819 Thread 0x000002c3d5953af0 Exception <a 'java/io/IOException'{0x000000008e901ea8}> (0x000000008e901ea8) 
thrown [s\open\src\hotspot\share\prims\jni.cpp, line 518]
Event: 6509.794 Thread 0x000002c3d5951db0 Exception <a 'java/io/IOException'{0x000000008e801240}> (0x000000008e801240) 
thrown [s\open\src\hotspot\share\prims\jni.cpp, line 518]
Event: 6509.834 Thread 0x000002c3d5951db0 Exception <a 'java/io/IOException'{0x000000008e801ea8}> (0x000000008e801ea8) 
thrown [s\open\src\hotspot\share\prims\jni.cpp, line 518]
Event: 7743.543 Thread 0x000002c3d5953af0 Exception <a 'java/io/IOException'{0x000000008e56c8b0}> (0x000000008e56c8b0) 
thrown [s\open\src\hotspot\share\prims\jni.cpp, line 518]
Event: 7743.570 Thread 0x000002c3d5953af0 Exception <a 'java/io/IOException'{0x000000008e56d518}> (0x000000008e56d518) 
thrown [s\open\src\hotspot\share\prims\jni.cpp, line 518]
Event: 7789.691 Thread 0x000002c3d5953af0 Exception <a 'java/io/IOException'{0x000000008e481240}> (0x000000008e481240) 
thrown [s\open\src\hotspot\share\prims\jni.cpp, line 518]
Event: 7789.707 Thread 0x000002c3d5953af0 Exception <a 'java/io/IOException'{0x000000008e481ea8}> (0x000000008e481ea8) 
thrown [s\open\src\hotspot\share\prims\jni.cpp, line 518]

VM Operations (20 events):
Event: 12.067 Executing VM operation: HandshakeAllThreads (Deoptimize)
Event: 12.067 Executing VM operation: HandshakeAllThreads (Deoptimize) done
Event: 12.282 Executing VM operation: G1CollectForAllocation (G1 Evacuation Pause)
Event: 12.292 Executing VM operation: G1CollectForAllocation (G1 Evacuation Pause) done
Event: 12.352 Executing VM operation: HandshakeAllThreads (Deoptimize)
Event: 12.352 Executing VM operation: HandshakeAllThreads (Deoptimize) done
Event: 12.440 Executing VM operation: HandshakeAllThreads (Deoptimize)
Event: 12.440 Executing VM operation: HandshakeAllThreads (Deoptimize) done
Event: 60.244 Executing VM operation: HandshakeAllThreads (HandshakeForDeflation)
Event: 60.244 Executing VM operation: HandshakeAllThreads (HandshakeForDeflation) done
Event: 60.244 Executing VM operation: RendezvousGCThreads
Event: 60.244 Executing VM operation: RendezvousGCThreads done
Event: 7016.022 Executing VM operation: HandshakeAllThreads (HandshakeForDeflation)
Event: 7016.031 Executing VM operation: HandshakeAllThreads (HandshakeForDeflation) done
Event: 7016.033 Executing VM operation: RendezvousGCThreads
Event: 7016.033 Executing VM operation: RendezvousGCThreads done
Event: 7441.589 Executing VM operation: HandshakeAllThreads (HandshakeForDeflation)
Event: 7445.303 Executing VM operation: HandshakeAllThreads (HandshakeForDeflation) done
Event: 7445.542 Executing VM operation: RendezvousGCThreads
Event: 7445.820 Executing VM operation: RendezvousGCThreads done

Memory protections (0 events):
No events

Nmethod flushes (20 events):
Event: 10.028 Thread 0x000002c3ffdc53e0 flushing  nmethod 0x000002c38045dc08
Event: 10.028 Thread 0x000002c3ffdc53e0 flushing  nmethod 0x000002c3804b8708
Event: 10.028 Thread 0x000002c3ffdc53e0 flushing  nmethod 0x000002c380557008
Event: 10.028 Thread 0x000002c3ffdc53e0 flushing  nmethod 0x000002c38055a008
Event: 10.028 Thread 0x000002c3ffdc53e0 flushing  nmethod 0x000002c38076de88
Event: 10.028 Thread 0x000002c3ffdc53e0 flushing  nmethod 0x000002c38076f788
Event: 10.028 Thread 0x000002c3ffdc53e0 flushing  nmethod 0x000002c3808ef708
Event: 10.028 Thread 0x000002c3ffdc53e0 flushing  nmethod 0x000002c3808efa08
Event: 10.028 Thread 0x000002c3ffdc53e0 flushing  nmethod 0x000002c380909b08
Event: 10.028 Thread 0x000002c3ffdc53e0 flushing  nmethod 0x000002c380910588
Event: 10.028 Thread 0x000002c3ffdc53e0 flushing  nmethod 0x000002c38094f888
Event: 10.028 Thread 0x000002c3ffdc53e0 flushing  nmethod 0x000002c380951008
Event: 10.028 Thread 0x000002c3ffdc53e0 flushing  nmethod 0x000002c3809b3808
Event: 10.028 Thread 0x000002c3ffdc53e0 flushing  nmethod 0x000002c3809de088
Event: 10.028 Thread 0x000002c3ffdc53e0 flushing  nmethod 0x000002c3809dfe08
Event: 10.028 Thread 0x000002c3ffdc53e0 flushing  nmethod 0x000002c3809f1708
Event: 10.028 Thread 0x000002c3ffdc53e0 flushing  nmethod 0x000002c3809f3508
Event: 10.028 Thread 0x000002c3ffdc53e0 flushing  nmethod 0x000002c3809f4e08
Event: 10.028 Thread 0x000002c3ffdc53e0 flushing  nmethod 0x000002c3809f5588
Event: 10.028 Thread 0x000002c3ffdc53e0 flushing  nmethod 0x000002c380a26688

Events (20 events):
Event: 6509.633 Thread 0x000002c3d5f732c0 Thread added: 0x000002c3d5951db0
Event: 6509.845 Thread 0x000002c3d5951db0 Thread added: 0x000002c3d59550e0
Event: 6514.854 Thread 0x000002c3d5951db0 Thread exited: 0x000002c3d5951db0
Event: 6515.274 Thread 0x000002c3d59550e0 Thread exited: 0x000002c3d59550e0
Event: 7743.454 Thread 0x000002c3d5f732c0 Thread added: 0x000002c3d5953af0
Event: 7743.585 Thread 0x000002c3d5953af0 Thread added: 0x000002c3d59550e0
Event: 7748.722 Thread 0x000002c3d5953af0 Thread exited: 0x000002c3d5953af0
Event: 7749.310 Thread 0x000002c3d59550e0 Thread exited: 0x000002c3d59550e0
Event: 7789.646 Thread 0x000002c3d5f732c0 Thread added: 0x000002c3d5953af0
Event: 7789.713 Thread 0x000002c3d5953af0 Thread added: 0x000002c3d59550e0
Event: 7794.722 Thread 0x000002c3d5953af0 Thread exited: 0x000002c3d5953af0
Event: 7795.046 Thread 0x000002c3d59550e0 Thread exited: 0x000002c3d59550e0
Event: 7821.034 Thread 0x000002c3d5f732c0 Thread added: 0x000002c3d59550e0
Event: 7821.155 Thread 0x000002c3d59550e0 Thread added: 0x000002c3d5953af0
Event: 7826.156 Thread 0x000002c3d59550e0 Thread exited: 0x000002c3d59550e0
Event: 7827.098 Thread 0x000002c3d5953af0 Thread exited: 0x000002c3d5953af0
Event: 7835.500 Thread 0x000002c3d5f732c0 Thread added: 0x000002c3d5953af0
Event: 7835.509 Thread 0x000002c3d5953af0 Thread added: 0x000002c3d5951db0
Event: 7840.517 Thread 0x000002c3d5953af0 Thread exited: 0x000002c3d5953af0
Event: 7840.622 Thread 0x000002c3d5951db0 Thread exited: 0x000002c3d5951db0


Dynamic libraries:
0x00007ff7be950000 - 0x00007ff7be960000 	C:\Program Files\Java\jdk-24\bin\java.exe
0x00007ffaa2ba0000 - 0x00007ffaa2e07000 	C:\WINDOWS\SYSTEM32\ntdll.dll
0x00007ffaa2510000 - 0x00007ffaa25d9000 	C:\WINDOWS\System32\KERNEL32.DLL
0x00007ffa9f8f0000 - 0x00007ffa9fce1000 	C:\WINDOWS\System32\KERNELBASE.dll
0x00007ffaa0560000 - 0x00007ffaa06ab000 	C:\WINDOWS\System32\ucrtbase.dll
0x00007ffa921b0000 - 0x00007ffa921cb000 	C:\Program Files\Java\jdk-24\bin\VCRUNTIME140.dll
0x00007ffa92240000 - 0x00007ffa92256000 	C:\Program Files\Java\jdk-24\bin\jli.dll
0x00007ffaa13d0000 - 0x00007ffaa1595000 	C:\WINDOWS\System32\USER32.dll
0x00007ffa85da0000 - 0x00007ffa86033000 	C:\WINDOWS\WinSxS\amd64_microsoft.windows.common-controls_6595b64144ccf1df_6.0.26100.8037_none_3e092faae333b53b\COMCTL32.dll
0x00007ffaa2330000 - 0x00007ffaa23d9000 	C:\WINDOWS\System32\msvcrt.dll
0x00007ffa9f480000 - 0x00007ffa9f4a7000 	C:\WINDOWS\System32\win32u.dll
0x00007ffaa24e0000 - 0x00007ffaa250b000 	C:\WINDOWS\System32\GDI32.dll
0x00007ffaa06b0000 - 0x00007ffaa07db000 	C:\WINDOWS\System32\gdi32full.dll
0x00007ffaa0890000 - 0x00007ffaa0933000 	C:\WINDOWS\System32\msvcp_win.dll
0x00007ffaa24a0000 - 0x00007ffaa24d1000 	C:\WINDOWS\System32\IMM32.DLL
0x00007ffa9a700000 - 0x00007ffa9a70c000 	C:\Program Files\Java\jdk-24\bin\vcruntime140_1.dll
0x00007ffa75620000 - 0x00007ffa756ae000 	C:\Program Files\Java\jdk-24\bin\msvcp140.dll
0x00007ff9f10f0000 - 0x00007ff9f1e92000 	C:\Program Files\Java\jdk-24\bin\server\jvm.dll
0x00007ffaa21e0000 - 0x00007ffaa229b000 	C:\WINDOWS\System32\ADVAPI32.dll
0x00007ffaa1320000 - 0x00007ffaa13c7000 	C:\WINDOWS\System32\sechost.dll
0x00007ffaa2630000 - 0x00007ffaa2748000 	C:\WINDOWS\System32\RPCRT4.dll
0x00007ffaa12a0000 - 0x00007ffaa1314000 	C:\WINDOWS\System32\WS2_32.dll
0x00007ffa9f2e0000 - 0x00007ffa9f33e000 	C:\WINDOWS\SYSTEM32\POWRPROF.dll
0x00007ffa92ca0000 - 0x00007ffa92cd5000 	C:\WINDOWS\SYSTEM32\WINMM.dll
0x00007ffa993d0000 - 0x00007ffa993db000 	C:\WINDOWS\SYSTEM32\VERSION.dll
0x00007ffa9f2c0000 - 0x00007ffa9f2d4000 	C:\WINDOWS\SYSTEM32\UMPDC.dll
0x00007ffa9e210000 - 0x00007ffa9e22b000 	C:\WINDOWS\SYSTEM32\kernel.appcore.dll
0x00007ffa92c90000 - 0x00007ffa92c9a000 	C:\Program Files\Java\jdk-24\bin\jimage.dll
0x00007ffa9d3a0000 - 0x00007ffa9d5e2000 	C:\WINDOWS\SYSTEM32\DBGHELP.DLL
0x00007ffaa1740000 - 0x00007ffaa1ac2000 	C:\WINDOWS\System32\combase.dll
0x00007ffaa2090000 - 0x00007ffaa2167000 	C:\WINDOWS\System32\OLEAUT32.dll
0x00007ffa83b50000 - 0x00007ffa83b8b000 	C:\WINDOWS\SYSTEM32\dbgcore.DLL
0x00007ffaa07e0000 - 0x00007ffaa0885000 	C:\WINDOWS\System32\bcryptPrimitives.dll
0x00007ffa918d0000 - 0x00007ffa918ee000 	C:\Program Files\Java\jdk-24\bin\java.dll
0x00007ffaa15a0000 - 0x00007ffaa1735000 	C:\WINDOWS\System32\ole32.dll
0x00007ffaa0940000 - 0x00007ffaa109f000 	C:\WINDOWS\System32\SHELL32.dll
0x00007ffa9f780000 - 0x00007ffa9f8ea000 	C:\WINDOWS\System32\wintypes.dll
0x00007ffa9fcf0000 - 0x00007ffaa0554000 	C:\WINDOWS\System32\windows.storage.dll
0x00007ffaa2780000 - 0x00007ffaa2877000 	C:\WINDOWS\System32\SHCORE.dll
0x00007ffaa2170000 - 0x00007ffaa21d7000 	C:\WINDOWS\System32\shlwapi.dll
0x00007ffa9f3a0000 - 0x00007ffa9f3c9000 	C:\WINDOWS\SYSTEM32\profapi.dll
0x00007ffa75540000 - 0x00007ffa75617000 	C:\Program Files\Java\jdk-24\bin\jsvml.dll
0x00007ffa92950000 - 0x00007ffa92960000 	C:\Program Files\Java\jdk-24\bin\net.dll
0x00007ffa9e780000 - 0x00007ffa9e7eb000 	C:\WINDOWS\system32\mswsock.dll
0x00007ffa85420000 - 0x00007ffa85436000 	C:\Program Files\Java\jdk-24\bin\nio.dll
0x00007ffa85390000 - 0x00007ffa853a7000 	C:\Program Files\Java\jdk-24\bin\zip.dll
0x00007ffa85380000 - 0x00007ffa8538e000 	C:\Program Files\Java\jdk-24\bin\sunmscapi.dll
0x00007ffa9f4b0000 - 0x00007ffa9f627000 	C:\WINDOWS\System32\CRYPT32.dll
0x00007ffa9ec80000 - 0x00007ffa9ecb0000 	C:\WINDOWS\SYSTEM32\ncrypt.dll
0x00007ffa9ec30000 - 0x00007ffa9ec6f000 	C:\WINDOWS\SYSTEM32\NTASN1.dll
0x00007ffa9ea60000 - 0x00007ffa9ea7b000 	C:\WINDOWS\SYSTEM32\CRYPTSP.dll
0x00007ffa9e170000 - 0x00007ffa9e1a9000 	C:\WINDOWS\system32\rsaenh.dll
0x00007ffa9e830000 - 0x00007ffa9e862000 	C:\WINDOWS\SYSTEM32\USERENV.dll
0x00007ffa9f370000 - 0x00007ffa9f39a000 	C:\WINDOWS\SYSTEM32\bcrypt.dll
0x00007ffa9ea80000 - 0x00007ffa9ea8c000 	C:\WINDOWS\SYSTEM32\CRYPTBASE.dll
0x00007ffa9dc80000 - 0x00007ffa9dcb3000 	C:\WINDOWS\SYSTEM32\IPHLPAPI.DLL
0x00007ffaa2320000 - 0x00007ffaa232a000 	C:\WINDOWS\System32\NSI.dll
0x00007ffa9dcc0000 - 0x00007ffa9ddea000 	C:\WINDOWS\SYSTEM32\DNSAPI.dll
0x00007ffa94630000 - 0x00007ffa9463b000 	C:\Windows\System32\rasadhlp.dll
0x00007ffa991f0000 - 0x00007ffa99276000 	C:\WINDOWS\System32\fwpuclnt.dll
0x00007ffa7bc40000 - 0x00007ffa7bc49000 	C:\Program Files\Java\jdk-24\bin\extnet.dll
0x00007ffa92c60000 - 0x00007ffa92c68000 	C:\WINDOWS\system32\wshunix.dll
0x00007ffa784b0000 - 0x00007ffa784ba000 	C:\Program Files\Java\jdk-24\bin\management.dll
0x00007ffa75a80000 - 0x00007ffa75a8b000 	C:\Program Files\Java\jdk-24\bin\management_ext.dll
0x00007ffaa10b0000 - 0x00007ffaa10b8000 	C:\WINDOWS\System32\PSAPI.DLL

JVMTI agents: none

dbghelp: loaded successfully - version: 4.0.5 - missing functions: none
symbol engine: initialized successfully - sym options: 0x614 - pdb path: .;C:\Program Files\Java\jdk-24\bin;C:\WINDOWS\SYSTEM32;C:\WINDOWS\WinSxS\amd64_microsoft.windows.common-controls_6595b64144ccf1df_6.0.26100.8037_none_3e092faae333b53b;C:\Program Files\Java\jdk-24\bin\server

VM Arguments:
java_command: target/SchoolPEPProject-0.0.1-SNAPSHOT.jar
java_class_path (initial): target/SchoolPEPProject-0.0.1-SNAPSHOT.jar
Launcher Type: SUN_STANDARD

[Global flags]
     intx CICompilerCount                          = 3                                         {product} {ergonomic}
     uint ConcGCThreads                            = 1                                         {product} {ergonomic}
     uint G1ConcRefinementThreads                  = 4                                         {product} {ergonomic}
   size_t G1HeapRegionSize                         = 1048576                                   {product} {ergonomic}
   size_t InitialHeapSize                          = 130023424                                 {product} {ergonomic}
   size_t MarkStackSize                            = 4194304                                   {product} {ergonomic}
   size_t MarkStackSizeMax                         = 536870912                                 {product} {ergonomic}
   size_t MaxHeapSize                              = 2067791872                                {product} {ergonomic}
   size_t MaxNewSize                               = 1240465408                                {product} {ergonomic}
   size_t MinHeapDeltaBytes                        = 1048576                                   {product} {ergonomic}
   size_t MinHeapSize                              = 8388608                                   {product} {ergonomic}
    uintx NonNMethodCodeHeapSize                   = 5832704                                {pd product} {ergonomic}
    uintx NonProfiledCodeHeapSize                  = 122945536                              {pd product} {ergonomic}
    uintx ProfiledCodeHeapSize                     = 122880000                              {pd product} {ergonomic}
    uintx ReservedCodeCacheSize                    = 251658240                              {pd product} {ergonomic}
     bool SegmentedCodeCache                       = true                                      {product} {ergonomic}
   size_t SoftMaxHeapSize                          = 2067791872                             {manageable} {ergonomic}
     bool UseCompressedOops                        = true                           {product lp64_product} {ergonomic}
     bool UseG1GC                                  = true                                      {product} {ergonomic}
     bool UseLargePagesIndividualAllocation        = false                                  {pd product} {ergonomic}

Logging:
Log output configuration:
 #0: stdout all=warning uptime,level,tags foldmultilines=false
 #1: stderr all=off uptime,level,tags foldmultilines=false

Environment Variables:
PATH=C:\Python314\Scripts\;C:\Python314\;C:\Program Files\Common Files\Oracle\Java\javapath;C:\WINDOWS\system32;C:\WINDOWS;C:\WINDOWS\System32\Wbem;C:\WINDOWS\System32\WindowsPowerShell\v1.0\;C:\WINDOWS\System32\OpenSSH\;C:\Program Files\nodejs\;C:\ProgramData\chocolatey\bin;C:\Program Files\Git\cmd;C:\Program Files\Docker\Docker\resources\bin;C:\Program Files\MySQL\MySQL Shell 8.0\bin\;C:\Users\my pc\AppData\Local\Microsoft\WindowsApps;C:\Users\my pc\AppData\Local\Programs\Microsoft VS Code\bin;C:\Users\my pc\AppData\Local\Python\bin;C:\Users\my pc\AppData\Roaming\npm;C:\Users\my pc\AppData\Local\GitHubDesktop\bin;C:\Users\my pc\AppData\Local\Programs\IntelliJ IDEA 2025.3.3\bin;D:\Users\cursor\resources\app\bin
USERNAME=my pc
OS=Windows_NT
PROCESSOR_IDENTIFIER=Intel64 Family 6 Model 140 Stepping 1, GenuineIntel
TMP=C:\Users\MYPC~1\AppData\Local\Temp
TEMP=C:\Users\MYPC~1\AppData\Local\Temp




Periodic native trim disabled

---------------  S Y S T E M  ---------------

OS:
 Windows 11 , 64 bit Build 26100 (10.0.26100.7920)
OS uptime: 0 days 3:05 hours
Hyper-V role detected

CPU: total 4 (initial active 4) (2 cores per cpu, 2 threads per core) family 6 model 140 stepping 1 microcode 0xb6, cx8, cmov, fxsr, ht, mmx, 3dnowpref, sse, sse2, sse3, ssse3, sse4.1, sse4.2, popcnt, lzcnt, tsc, tscinvbit, avx, avx2, aes, erms, clmul, bmi1, bmi2, adx, avx512f, avx512dq, avx512cd, avx512bw, avx512vl, sha, fma, vzeroupper, avx512_vpopcntdq, avx512_vpclmulqdq, avx512_vaes, avx512_vnni, clflush, clflushopt, clwb, avx512_vbmi2, avx512_vbmi, hv, rdtscp, rdpid, fsrm, gfni, avx512_bitalg, f16c, cet_ibt, cet_ss, avx512_ifma
Processor Information for processor 0
  Max Mhz: 2995, Current Mhz: 998, Mhz Limit: 2995
Processor Information for processor 1
  Max Mhz: 2995, Current Mhz: 2995, Mhz Limit: 2995
Processor Information for processor 2
  Max Mhz: 2995, Current Mhz: 2995, Mhz Limit: 2995
Processor Information for processor 3
  Max Mhz: 2995, Current Mhz: 2995, Mhz Limit: 2995

Memory: 4k page, system-wide physical 7886M (279M free)
TotalPageFile size 26541M (AvailPageFile size 5M)
current process WorkingSet (physical memory assigned to process): 22M, peak: 458M
current process commit charge ("private bytes"): 467M, peak: 498M

vm_info: Java HotSpot(TM) 64-Bit Server VM (24.0.1+9-30) for windows-amd64 JRE (24.0.1+9-30), built on 2025-03-05T07:23:45Z with MS VC++ 17.6 (VS2022)

END.
